Using selector: KqueueSelector
HTTP Request: POST http://testserver/webhooks/stripe "HTTP/1.1 500 Internal Server Error"
Using selector: KqueueSelector
HTTP Request: POST http://testserver/webhooks/stripe "HTTP/1.1 500 Internal Server Error"
Using selector: KqueueSelector
HTTP Request: POST http://testserver/webhooks/stripe "HTTP/1.1 500 Internal Server Error"
Using selector: KqueueSelector
HTTP Request: POST http://testserver/webhooks/stripe "HTTP/1.1 500 Internal Server Error"
Using selector: KqueueSelector
HTTP Request: POST http://testserver/webhooks/stripe "HTTP/1.1 500 Internal Server Error"
Using selector: KqueueSelector
HTTP Request: POST http://testserver/webhooks/stripe "HTTP/1.1 500 Internal Server Error"
Using selector: KqueueSelector
HTTP Request: POST http://testserver/webhooks/stripe "HTTP/1.1 500 Internal Server Error"
Using selector: KqueueSelector
HTTP Request: POST http://testserver/webhooks/stripe "HTTP/1.1 500 Internal Server Error"
Using selector: KqueueSelector
HTTP Request: POST http://testserver/webhooks/stripe "HTTP/1.1 500 Internal Server Error"
HTTP Request: POST http://testserver/webhooks/stripe "HTTP/1.1 500 Internal Server Error"
HTTP Request: POST http://testserver/webhooks/stripe "HTTP/1.1 500 Internal Server Error"
Using selector: KqueueSelector
Using selector: KqueueSelector
Using selector: KqueueSelector
Using selector: KqueueSelector
Using selector: KqueueSelector
Using selector: KqueueSelector
Using selector: KqueueSelector
HTTP Request: GET http://testserver/api/reports "HTTP/1.1 404 Not Found"
Using selector: KqueueSelector
HTTP Request: GET http://testserver/api/reports "HTTP/1.1 404 Not Found"
Using selector: KqueueSelector
HTTP Request: GET http://testserver/api/reports "HTTP/1.1 404 Not Found"
Using selector: KqueueSelector
HTTP Request: GET http://testserver/api/reports "HTTP/1.1 404 Not Found"
Using selector: KqueueSelector
Using selector: KqueueSelector
HTTP Request: GET http://testserver/api/reports?limit=10 "HTTP/1.1 404 Not Found"
Using selector: KqueueSelector
Using selector: KqueueSelector
HTTP Request: GET http://testserver/api/reports?limit=10 "HTTP/1.1 404 Not Found"
Using selector: KqueueSelector
Using selector: KqueueSelector
HTTP Request: GET http://testserver/api/reports "HTTP/1.1 404 Not Found"
Using selector: KqueueSelector
Using selector: KqueueSelector
HTTP Request: GET http://testserver/api/reports/1acd14fe-11e3-4c30-9162-0366678e9978 "HTTP/1.1 404 Not Found"
Using selector: KqueueSelector
Using selector: KqueueSelector
HTTP Request: GET http://testserver/api/reports/8837a458-ac8f-4523-9643-8e25c6df4d3b "HTTP/1.1 404 Not Found"
Using selector: KqueueSelector
Using selector: KqueueSelector
HTTP Request: GET http://testserver/api/reports "HTTP/1.1 404 Not Found"
Using selector: KqueueSelector
Using selector: KqueueSelector
HTTP Request: GET http://testserver/api/reports/c276c69d-f9c2-4c92-8390-b056ec9a323f "HTTP/1.1 404 Not Found"
Using selector: KqueueSelector
Using selector: KqueueSelector
HTTP Request: GET http://testserver/api/reports "HTTP/1.1 404 Not Found"
Using selector: KqueueSelector
Using selector: KqueueSelector
HTTP Request: GET http://testserver/api/reports/d4228c2d-7a7a-4162-b029-bed97bb77167 "HTTP/1.1 404 Not Found"
Using selector: KqueueSelector
HTTP Request: GET http://testserver/api/reports/d4228c2d-7a7a-4162-b029-bed97bb77167 "HTTP/1.1 404 Not Found"
Using selector: KqueueSelector
HTTP Request: GET http://testserver/api/reports/d4228c2d-7a7a-4162-b029-bed97bb77167 "HTTP/1.1 404 Not Found"
Using selector: KqueueSelector
Using selector: KqueueSelector
HTTP Request: GET http://testserver/api/reports/7732f949-aedc-448a-baa7-ed59fe3f2e30 "HTTP/1.1 404 Not Found"
Using selector: KqueueSelector
Using selector: KqueueSelector
HTTP Request: GET http://testserver/api/reports "HTTP/1.1 404 Not Found"
Using selector: KqueueSelector
Using selector: KqueueSelector
HTTP Request: GET http://testserver/api/reports?limit=10 "HTTP/1.1 404 Not Found"
Using selector: KqueueSelector
Using selector: KqueueSelector
HTTP Request: GET http://testserver/api/reports "HTTP/1.1 404 Not Found"
Using selector: KqueueSelector
Using selector: KqueueSelector
HTTP Request: GET http://testserver/api/reports?limit=10 "HTTP/1.1 404 Not Found"
Using selector: KqueueSelector
Using selector: KqueueSelector
HTTP Request: POST http://testserver/api/cron/expire-reports "HTTP/1.1 404 Not Found"
Using selector: KqueueSelector
Using selector: KqueueSelector
HTTP Request: POST http://testserver/api/cron/expire-reports "HTTP/1.1 404 Not Found"
Using selector: KqueueSelector
Using selector: KqueueSelector
HTTP Request: POST http://testserver/api/cron/expire-reports "HTTP/1.1 404 Not Found"
Using selector: KqueueSelector
Using selector: KqueueSelector
HTTP Request: POST http://testserver/api/cron/expire-reports "HTTP/1.1 404 Not Found"
Using selector: KqueueSelector
Using selector: KqueueSelector
HTTP Request: GET http://testserver/api/reports/fa7315a1-6180-4847-9c44-22b691fe1aa6 "HTTP/1.1 404 Not Found"
Using selector: KqueueSelector
Using selector: KqueueSelector
HTTP Request: GET http://testserver/api/reports "HTTP/1.1 404 Not Found"
Using selector: KqueueSelector
Using selector: KqueueSelector
HTTP Request: GET http://testserver/api/reports/a846a8d5-d72f-4365-9667-c840e2d5335c "HTTP/1.1 404 Not Found"
Using selector: KqueueSelector
Using selector: KqueueSelector
HTTP Request: POST http://testserver/api/cron/delete-expired-reports "HTTP/1.1 404 Not Found"
Using selector: KqueueSelector
Using selector: KqueueSelector
HTTP Request: POST http://testserver/api/cron/delete-expired-reports "HTTP/1.1 404 Not Found"
Using selector: KqueueSelector
Using selector: KqueueSelector
HTTP Request: POST http://testserver/api/cron/delete-expired-reports "HTTP/1.1 404 Not Found"
Using selector: KqueueSelector
Using selector: KqueueSelector
HTTP Request: GET http://testserver/api/reports/92deedbd-a843-47f8-b0a2-53040bc8d21b "HTTP/1.1 404 Not Found"
Using selector: KqueueSelector
Using selector: KqueueSelector
HTTP Request: POST http://testserver/api/cron/expire-reports "HTTP/1.1 404 Not Found"
Using selector: KqueueSelector
Using selector: KqueueSelector
HTTP Request: POST http://testserver/api/cron/expire-reports "HTTP/1.1 404 Not Found"
Using selector: KqueueSelector
Using selector: KqueueSelector
HTTP Request: POST http://testserver/api/cron/delete-expired-reports "HTTP/1.1 404 Not Found"
Using selector: KqueueSelector
Using selector: KqueueSelector
HTTP Request: POST http://testserver/api/cron/delete-expired-reports "HTTP/1.1 404 Not Found"
Using selector: KqueueSelector
Using selector: KqueueSelector
HTTP Request: GET http://testserver/api/reports "HTTP/1.1 404 Not Found"
Using selector: KqueueSelector
Using selector: KqueueSelector
HTTP Request: GET http://testserver/api/reports "HTTP/1.1 404 Not Found"
Using selector: KqueueSelector
Using selector: KqueueSelector
HTTP Request: POST http://testserver/api/cron/expire-reports "HTTP/1.1 404 Not Found"
Using selector: KqueueSelector
Using selector: KqueueSelector
HTTP Request: POST http://testserver/api/cron/expire-reports "HTTP/1.1 404 Not Found"
Using selector: KqueueSelector
Using selector: KqueueSelector
HTTP Request: POST http://testserver/api/cron/expire-reports "HTTP/1.1 404 Not Found"
Using selector: KqueueSelector
Using selector: KqueueSelector
HTTP Request: POST http://testserver/api/cron/delete-expired-reports "HTTP/1.1 404 Not Found"
Using selector: KqueueSelector
Using selector: KqueueSelector
HTTP Request: POST http://testserver/api/cron/delete-expired-reports "HTTP/1.1 404 Not Found"
Using selector: KqueueSelector
Using selector: KqueueSelector
HTTP Request: POST http://testserver/api/cron/delete-expired-reports "HTTP/1.1 404 Not Found"
Using selector: KqueueSelector
Using selector: KqueueSelector
HTTP Request: GET http://testserver/api/reports/18f0f58b-8b54-48b0-a610-e6c11ecf94a5 "HTTP/1.1 404 Not Found"
Using selector: KqueueSelector
Using selector: KqueueSelector
Using selector: KqueueSelector
Using selector: KqueueSelector
Using selector: KqueueSelector
Using selector: KqueueSelector
Using selector: KqueueSelector
Using selector: KqueueSelector
Using selector: KqueueSelector
HTTP Request: GET http://testserver/health "HTTP/1.1 200 OK"
Using selector: KqueueSelector
HTTP Request: GET http://testserver/ "HTTP/1.1 200 OK"
Using selector: KqueueSelector
HTTP Request: POST http://testserver/reports/initiate "HTTP/1.1 401 Unauthorized"
Using selector: KqueueSelector
HTTP Request: POST http://testserver/reports/initiate "HTTP/1.1 401 Unauthorized"
Using selector: KqueueSelector
HTTP Request: POST http://testserver/reports/initiate "HTTP/1.1 401 Unauthorized"
Using selector: KqueueSelector
HTTP Request: GET http://testserver/reports/report_test_12345 "HTTP/1.1 401 Unauthorized"
Using selector: KqueueSelector
HTTP Request: GET http://testserver/reports/report_test_12345 "HTTP/1.1 401 Unauthorized"
Using selector: KqueueSelector
HTTP Request: GET http://testserver/reports/report_test_12345 "HTTP/1.1 401 Unauthorized"
Using selector: KqueueSelector
HTTP Request: GET http://testserver/reports "HTTP/1.1 307 Temporary Redirect"
HTTP Request: GET http://testserver/reports/ "HTTP/1.1 401 Unauthorized"
Using selector: KqueueSelector
HTTP Request: GET http://testserver/reports "HTTP/1.1 307 Temporary Redirect"
HTTP Request: GET http://testserver/reports/ "HTTP/1.1 401 Unauthorized"
Using selector: KqueueSelector
HTTP Request: DELETE http://testserver/reports/report_test_12345 "HTTP/1.1 401 Unauthorized"
Using selector: KqueueSelector
HTTP Request: DELETE http://testserver/reports/report_test_12345 "HTTP/1.1 401 Unauthorized"
Using selector: KqueueSelector
HTTP Request: DELETE http://testserver/reports/report_test_12345 "HTTP/1.1 401 Unauthorized"
Using selector: KqueueSelector
HTTP Request: POST http://testserver/webhooks/stripe "HTTP/1.1 403 Forbidden"
Using selector: KqueueSelector
HTTP Request: POST http://testserver/webhooks/stripe "HTTP/1.1 403 Forbidden"
Using selector: KqueueSelector
HTTP Request: POST http://testserver/webhooks/stripe "HTTP/1.1 403 Forbidden"
Using selector: KqueueSelector
HTTP Request: POST http://testserver/webhooks/stripe "HTTP/1.1 403 Forbidden"
Using selector: KqueueSelector
HTTP Request: POST http://testserver/webhooks/stripe "HTTP/1.1 403 Forbidden"
Using selector: KqueueSelector
HTTP Request: POST http://testserver/webhooks/stripe "HTTP/1.1 403 Forbidden"
Using selector: KqueueSelector
Using selector: KqueueSelector
Test log message 0 with some padding to increase size
Test log message 1 with some padding to increase size
Test log message 2 with some padding to increase size
Test log message 3 with some padding to increase size
Test log message 4 with some padding to increase size
Test log message 5 with some padding to increase size
Test log message 6 with some padding to increase size
Test log message 7 with some padding to increase size
Test log message 8 with some padding to increase size
Test log message 9 with some padding to increase size
Test log message 10 with some padding to increase size
Test log message 11 with some padding to increase size
Test log message 12 with some padding to increase size
Test log message 13 with some padding to increase size
Test log message 14 with some padding to increase size
Test log message 15 with some padding to increase size
Test log message 16 with some padding to increase size
Test log message 17 with some padding to increase size
Test log message 18 with some padding to increase size
Test log message 19 with some padding to increase size
Message 0 Message 0 Message 0 Message 0 Message 0 Message 0 Message 0 Message 0 Message 0 Message 0 
Message 1 Message 1 Message 1 Message 1 Message 1 Message 1 Message 1 Message 1 Message 1 Message 1 
Message 2 Message 2 Message 2 Message 2 Message 2 Message 2 Message 2 Message 2 Message 2 Message 2 
Message 3 Message 3 Message 3 Message 3 Message 3 Message 3 Message 3 Message 3 Message 3 Message 3 
Message 4 Message 4 Message 4 Message 4 Message 4 Message 4 Message 4 Message 4 Message 4 Message 4 
Message 5 Message 5 Message 5 Message 5 Message 5 Message 5 Message 5 Message 5 Message 5 Message 5 
Message 6 Message 6 Message 6 Message 6 Message 6 Message 6 Message 6 Message 6 Message 6 Message 6 
Message 7 Message 7 Message 7 Message 7 Message 7 Message 7 Message 7 Message 7 Message 7 Message 7 
Message 8 Message 8 Message 8 Message 8 Message 8 Message 8 Message 8 Message 8 Message 8 Message 8 
Message 9 Message 9 Message 9 Message 9 Message 9 Message 9 Message 9 Message 9 Message 9 Message 9 
Message 10 Message 10 Message 10 Message 10 Message 10 Message 10 Message 10 Message 10 Message 10 Message 10 
Message 11 Message 11 Message 11 Message 11 Message 11 Message 11 Message 11 Message 11 Message 11 Message 11 
Message 12 Message 12 Message 12 Message 12 Message 12 Message 12 Message 12 Message 12 Message 12 Message 12 
Message 13 Message 13 Message 13 Message 13 Message 13 Message 13 Message 13 Message 13 Message 13 Message 13 
Message 14 Message 14 Message 14 Message 14 Message 14 Message 14 Message 14 Message 14 Message 14 Message 14 
Message 15 Message 15 Message 15 Message 15 Message 15 Message 15 Message 15 Message 15 Message 15 Message 15 
Message 16 Message 16 Message 16 Message 16 Message 16 Message 16 Message 16 Message 16 Message 16 Message 16 
Message 17 Message 17 Message 17 Message 17 Message 17 Message 17 Message 17 Message 17 Message 17 Message 17 
Message 18 Message 18 Message 18 Message 18 Message 18 Message 18 Message 18 Message 18 Message 18 Message 18 
Message 19 Message 19 Message 19 Message 19 Message 19 Message 19 Message 19 Message 19 Message 19 Message 19 
Message 20 Message 20 Message 20 Message 20 Message 20 Message 20 Message 20 Message 20 Message 20 Message 20 
Message 21 Message 21 Message 21 Message 21 Message 21 Message 21 Message 21 Message 21 Message 21 Message 21 
Message 22 Message 22 Message 22 Message 22 Message 22 Message 22 Message 22 Message 22 Message 22 Message 22 
Message 23 Message 23 Message 23 Message 23 Message 23 Message 23 Message 23 Message 23 Message 23 Message 23 
Message 24 Message 24 Message 24 Message 24 Message 24 Message 24 Message 24 Message 24 Message 24 Message 24 
Message 25 Message 25 Message 25 Message 25 Message 25 Message 25 Message 25 Message 25 Message 25 Message 25 
Message 26 Message 26 Message 26 Message 26 Message 26 Message 26 Message 26 Message 26 Message 26 Message 26 
Message 27 Message 27 Message 27 Message 27 Message 27 Message 27 Message 27 Message 27 Message 27 Message 27 
Message 28 Message 28 Message 28 Message 28 Message 28 Message 28 Message 28 Message 28 Message 28 Message 28 
Message 29 Message 29 Message 29 Message 29 Message 29 Message 29 Message 29 Message 29 Message 29 Message 29 
Message 30 Message 30 Message 30 Message 30 Message 30 Message 30 Message 30 Message 30 Message 30 Message 30 
Message 31 Message 31 Message 31 Message 31 Message 31 Message 31 Message 31 Message 31 Message 31 Message 31 
Message 32 Message 32 Message 32 Message 32 Message 32 Message 32 Message 32 Message 32 Message 32 Message 32 
Message 33 Message 33 Message 33 Message 33 Message 33 Message 33 Message 33 Message 33 Message 33 Message 33 
Message 34 Message 34 Message 34 Message 34 Message 34 Message 34 Message 34 Message 34 Message 34 Message 34 
Message 35 Message 35 Message 35 Message 35 Message 35 Message 35 Message 35 Message 35 Message 35 Message 35 
Message 36 Message 36 Message 36 Message 36 Message 36 Message 36 Message 36 Message 36 Message 36 Message 36 
Message 37 Message 37 Message 37 Message 37 Message 37 Message 37 Message 37 Message 37 Message 37 Message 37 
Message 38 Message 38 Message 38 Message 38 Message 38 Message 38 Message 38 Message 38 Message 38 Message 38 
Message 39 Message 39 Message 39 Message 39 Message 39 Message 39 Message 39 Message 39 Message 39 Message 39 
Message 40 Message 40 Message 40 Message 40 Message 40 Message 40 Message 40 Message 40 Message 40 Message 40 
Message 41 Message 41 Message 41 Message 41 Message 41 Message 41 Message 41 Message 41 Message 41 Message 41 
Message 42 Message 42 Message 42 Message 42 Message 42 Message 42 Message 42 Message 42 Message 42 Message 42 
Message 43 Message 43 Message 43 Message 43 Message 43 Message 43 Message 43 Message 43 Message 43 Message 43 
Message 44 Message 44 Message 44 Message 44 Message 44 Message 44 Message 44 Message 44 Message 44 Message 44 
Message 45 Message 45 Message 45 Message 45 Message 45 Message 45 Message 45 Message 45 Message 45 Message 45 
Message 46 Message 46 Message 46 Message 46 Message 46 Message 46 Message 46 Message 46 Message 46 Message 46 
Message 47 Message 47 Message 47 Message 47 Message 47 Message 47 Message 47 Message 47 Message 47 Message 47 
Message 48 Message 48 Message 48 Message 48 Message 48 Message 48 Message 48 Message 48 Message 48 Message 48 
Message 49 Message 49 Message 49 Message 49 Message 49 Message 49 Message 49 Message 49 Message 49 Message 49 
Message 50 Message 50 Message 50 Message 50 Message 50 Message 50 Message 50 Message 50 Message 50 Message 50 
Message 51 Message 51 Message 51 Message 51 Message 51 Message 51 Message 51 Message 51 Message 51 Message 51 
Message 52 Message 52 Message 52 Message 52 Message 52 Message 52 Message 52 Message 52 Message 52 Message 52 
Message 53 Message 53 Message 53 Message 53 Message 53 Message 53 Message 53 Message 53 Message 53 Message 53 
Message 54 Message 54 Message 54 Message 54 Message 54 Message 54 Message 54 Message 54 Message 54 Message 54 
Message 55 Message 55 Message 55 Message 55 Message 55 Message 55 Message 55 Message 55 Message 55 Message 55 
Message 56 Message 56 Message 56 Message 56 Message 56 Message 56 Message 56 Message 56 Message 56 Message 56 
Message 57 Message 57 Message 57 Message 57 Message 57 Message 57 Message 57 Message 57 Message 57 Message 57 
Message 58 Message 58 Message 58 Message 58 Message 58 Message 58 Message 58 Message 58 Message 58 Message 58 
Message 59 Message 59 Message 59 Message 59 Message 59 Message 59 Message 59 Message 59 Message 59 Message 59 
Message 60 Message 60 Message 60 Message 60 Message 60 Message 60 Message 60 Message 60 Message 60 Message 60 
Message 61 Message 61 Message 61 Message 61 Message 61 Message 61 Message 61 Message 61 Message 61 Message 61 
Message 62 Message 62 Message 62 Message 62 Message 62 Message 62 Message 62 Message 62 Message 62 Message 62 
Message 63 Message 63 Message 63 Message 63 Message 63 Message 63 Message 63 Message 63 Message 63 Message 63 
Message 64 Message 64 Message 64 Message 64 Message 64 Message 64 Message 64 Message 64 Message 64 Message 64 
Message 65 Message 65 Message 65 Message 65 Message 65 Message 65 Message 65 Message 65 Message 65 Message 65 
Message 66 Message 66 Message 66 Message 66 Message 66 Message 66 Message 66 Message 66 Message 66 Message 66 
Message 67 Message 67 Message 67 Message 67 Message 67 Message 67 Message 67 Message 67 Message 67 Message 67 
Message 68 Message 68 Message 68 Message 68 Message 68 Message 68 Message 68 Message 68 Message 68 Message 68 
Message 69 Message 69 Message 69 Message 69 Message 69 Message 69 Message 69 Message 69 Message 69 Message 69 
Message 70 Message 70 Message 70 Message 70 Message 70 Message 70 Message 70 Message 70 Message 70 Message 70 
Message 71 Message 71 Message 71 Message 71 Message 71 Message 71 Message 71 Message 71 Message 71 Message 71 
Message 72 Message 72 Message 72 Message 72 Message 72 Message 72 Message 72 Message 72 Message 72 Message 72 
Message 73 Message 73 Message 73 Message 73 Message 73 Message 73 Message 73 Message 73 Message 73 Message 73 
Message 74 Message 74 Message 74 Message 74 Message 74 Message 74 Message 74 Message 74 Message 74 Message 74 
Message 75 Message 75 Message 75 Message 75 Message 75 Message 75 Message 75 Message 75 Message 75 Message 75 
Message 76 Message 76 Message 76 Message 76 Message 76 Message 76 Message 76 Message 76 Message 76 Message 76 
Message 77 Message 77 Message 77 Message 77 Message 77 Message 77 Message 77 Message 77 Message 77 Message 77 
Message 78 Message 78 Message 78 Message 78 Message 78 Message 78 Message 78 Message 78 Message 78 Message 78 
Message 79 Message 79 Message 79 Message 79 Message 79 Message 79 Message 79 Message 79 Message 79 Message 79 
Message 80 Message 80 Message 80 Message 80 Message 80 Message 80 Message 80 Message 80 Message 80 Message 80 
Message 81 Message 81 Message 81 Message 81 Message 81 Message 81 Message 81 Message 81 Message 81 Message 81 
Message 82 Message 82 Message 82 Message 82 Message 82 Message 82 Message 82 Message 82 Message 82 Message 82 
Message 83 Message 83 Message 83 Message 83 Message 83 Message 83 Message 83 Message 83 Message 83 Message 83 
Message 84 Message 84 Message 84 Message 84 Message 84 Message 84 Message 84 Message 84 Message 84 Message 84 
Message 85 Message 85 Message 85 Message 85 Message 85 Message 85 Message 85 Message 85 Message 85 Message 85 
Message 86 Message 86 Message 86 Message 86 Message 86 Message 86 Message 86 Message 86 Message 86 Message 86 
Message 87 Message 87 Message 87 Message 87 Message 87 Message 87 Message 87 Message 87 Message 87 Message 87 
Message 88 Message 88 Message 88 Message 88 Message 88 Message 88 Message 88 Message 88 Message 88 Message 88 
Message 89 Message 89 Message 89 Message 89 Message 89 Message 89 Message 89 Message 89 Message 89 Message 89 
Message 90 Message 90 Message 90 Message 90 Message 90 Message 90 Message 90 Message 90 Message 90 Message 90 
Message 91 Message 91 Message 91 Message 91 Message 91 Message 91 Message 91 Message 91 Message 91 Message 91 
Message 92 Message 92 Message 92 Message 92 Message 92 Message 92 Message 92 Message 92 Message 92 Message 92 
Message 93 Message 93 Message 93 Message 93 Message 93 Message 93 Message 93 Message 93 Message 93 Message 93 
Message 94 Message 94 Message 94 Message 94 Message 94 Message 94 Message 94 Message 94 Message 94 Message 94 
Message 95 Message 95 Message 95 Message 95 Message 95 Message 95 Message 95 Message 95 Message 95 Message 95 
Message 96 Message 96 Message 96 Message 96 Message 96 Message 96 Message 96 Message 96 Message 96 Message 96 
Message 97 Message 97 Message 97 Message 97 Message 97 Message 97 Message 97 Message 97 Message 97 Message 97 
Message 98 Message 98 Message 98 Message 98 Message 98 Message 98 Message 98 Message 98 Message 98 Message 98 
Message 99 Message 99 Message 99 Message 99 Message 99 Message 99 Message 99 Message 99 Message 99 Message 99 
XXXXXXXXXXXXXXXXXXXXXXXXXXXXXXXXXXXXXXXXXXXXXXXXXXXXXXXXXXXXXXXXXXXXXXXXXXXXXXXXXXXXXXXXXXXXXXXXXXXX
XXXXXXXXXXXXXXXXXXXXXXXXXXXXXXXXXXXXXXXXXXXXXXXXXXXXXXXXXXXXXXXXXXXXXXXXXXXXXXXXXXXXXXXXXXXXXXXXXXXX
XXXXXXXXXXXXXXXXXXXXXXXXXXXXXXXXXXXXXXXXXXXXXXXXXXXXXXXXXXXXXXXXXXXXXXXXXXXXXXXXXXXXXXXXXXXXXXXXXXXX
XXXXXXXXXXXXXXXXXXXXXXXXXXXXXXXXXXXXXXXXXXXXXXXXXXXXXXXXXXXXXXXXXXXXXXXXXXXXXXXXXXXXXXXXXXXXXXXXXXXX
XXXXXXXXXXXXXXXXXXXXXXXXXXXXXXXXXXXXXXXXXXXXXXXXXXXXXXXXXXXXXXXXXXXXXXXXXXXXXXXXXXXXXXXXXXXXXXXXXXXX
XXXXXXXXXXXXXXXXXXXXXXXXXXXXXXXXXXXXXXXXXXXXXXXXXXXXXXXXXXXXXXXXXXXXXXXXXXXXXXXXXXXXXXXXXXXXXXXXXXXX
XXXXXXXXXXXXXXXXXXXXXXXXXXXXXXXXXXXXXXXXXXXXXXXXXXXXXXXXXXXXXXXXXXXXXXXXXXXXXXXXXXXXXXXXXXXXXXXXXXXX
XXXXXXXXXXXXXXXXXXXXXXXXXXXXXXXXXXXXXXXXXXXXXXXXXXXXXXXXXXXXXXXXXXXXXXXXXXXXXXXXXXXXXXXXXXXXXXXXXXXX
XXXXXXXXXXXXXXXXXXXXXXXXXXXXXXXXXXXXXXXXXXXXXXXXXXXXXXXXXXXXXXXXXXXXXXXXXXXXXXXXXXXXXXXXXXXXXXXXXXXX
XXXXXXXXXXXXXXXXXXXXXXXXXXXXXXXXXXXXXXXXXXXXXXXXXXXXXXXXXXXXXXXXXXXXXXXXXXXXXXXXXXXXXXXXXXXXXXXXXXXX
XXXXXXXXXXXXXXXXXXXXXXXXXXXXXXXXXXXXXXXXXXXXXXXXXXXXXXXXXXXXXXXXXXXXXXXXXXXXXXXXXXXXXXXXXXXXXXXXXXXX
XXXXXXXXXXXXXXXXXXXXXXXXXXXXXXXXXXXXXXXXXXXXXXXXXXXXXXXXXXXXXXXXXXXXXXXXXXXXXXXXXXXXXXXXXXXXXXXXXXXX
XXXXXXXXXXXXXXXXXXXXXXXXXXXXXXXXXXXXXXXXXXXXXXXXXXXXXXXXXXXXXXXXXXXXXXXXXXXXXXXXXXXXXXXXXXXXXXXXXXXX
XXXXXXXXXXXXXXXXXXXXXXXXXXXXXXXXXXXXXXXXXXXXXXXXXXXXXXXXXXXXXXXXXXXXXXXXXXXXXXXXXXXXXXXXXXXXXXXXXXXX
XXXXXXXXXXXXXXXXXXXXXXXXXXXXXXXXXXXXXXXXXXXXXXXXXXXXXXXXXXXXXXXXXXXXXXXXXXXXXXXXXXXXXXXXXXXXXXXXXXXX
XXXXXXXXXXXXXXXXXXXXXXXXXXXXXXXXXXXXXXXXXXXXXXXXXXXXXXXXXXXXXXXXXXXXXXXXXXXXXXXXXXXXXXXXXXXXXXXXXXXX
XXXXXXXXXXXXXXXXXXXXXXXXXXXXXXXXXXXXXXXXXXXXXXXXXXXXXXXXXXXXXXXXXXXXXXXXXXXXXXXXXXXXXXXXXXXXXXXXXXXX
XXXXXXXXXXXXXXXXXXXXXXXXXXXXXXXXXXXXXXXXXXXXXXXXXXXXXXXXXXXXXXXXXXXXXXXXXXXXXXXXXXXXXXXXXXXXXXXXXXXX
XXXXXXXXXXXXXXXXXXXXXXXXXXXXXXXXXXXXXXXXXXXXXXXXXXXXXXXXXXXXXXXXXXXXXXXXXXXXXXXXXXXXXXXXXXXXXXXXXXXX
XXXXXXXXXXXXXXXXXXXXXXXXXXXXXXXXXXXXXXXXXXXXXXXXXXXXXXXXXXXXXXXXXXXXXXXXXXXXXXXXXXXXXXXXXXXXXXXXXXXX
XXXXXXXXXXXXXXXXXXXXXXXXXXXXXXXXXXXXXXXXXXXXXXXXXXXXXXXXXXXXXXXXXXXXXXXXXXXXXXXXXXXXXXXXXXXXXXXXXXXX
XXXXXXXXXXXXXXXXXXXXXXXXXXXXXXXXXXXXXXXXXXXXXXXXXXXXXXXXXXXXXXXXXXXXXXXXXXXXXXXXXXXXXXXXXXXXXXXXXXXX
XXXXXXXXXXXXXXXXXXXXXXXXXXXXXXXXXXXXXXXXXXXXXXXXXXXXXXXXXXXXXXXXXXXXXXXXXXXXXXXXXXXXXXXXXXXXXXXXXXXX
XXXXXXXXXXXXXXXXXXXXXXXXXXXXXXXXXXXXXXXXXXXXXXXXXXXXXXXXXXXXXXXXXXXXXXXXXXXXXXXXXXXXXXXXXXXXXXXXXXXX
XXXXXXXXXXXXXXXXXXXXXXXXXXXXXXXXXXXXXXXXXXXXXXXXXXXXXXXXXXXXXXXXXXXXXXXXXXXXXXXXXXXXXXXXXXXXXXXXXXXX
XXXXXXXXXXXXXXXXXXXXXXXXXXXXXXXXXXXXXXXXXXXXXXXXXXXXXXXXXXXXXXXXXXXXXXXXXXXXXXXXXXXXXXXXXXXXXXXXXXXX
XXXXXXXXXXXXXXXXXXXXXXXXXXXXXXXXXXXXXXXXXXXXXXXXXXXXXXXXXXXXXXXXXXXXXXXXXXXXXXXXXXXXXXXXXXXXXXXXXXXX
XXXXXXXXXXXXXXXXXXXXXXXXXXXXXXXXXXXXXXXXXXXXXXXXXXXXXXXXXXXXXXXXXXXXXXXXXXXXXXXXXXXXXXXXXXXXXXXXXXXX
XXXXXXXXXXXXXXXXXXXXXXXXXXXXXXXXXXXXXXXXXXXXXXXXXXXXXXXXXXXXXXXXXXXXXXXXXXXXXXXXXXXXXXXXXXXXXXXXXXXX
XXXXXXXXXXXXXXXXXXXXXXXXXXXXXXXXXXXXXXXXXXXXXXXXXXXXXXXXXXXXXXXXXXXXXXXXXXXXXXXXXXXXXXXXXXXXXXXXXXXX
XXXXXXXXXXXXXXXXXXXXXXXXXXXXXXXXXXXXXXXXXXXXXXXXXXXXXXXXXXXXXXXXXXXXXXXXXXXXXXXXXXXXXXXXXXXXXXXXXXXX
XXXXXXXXXXXXXXXXXXXXXXXXXXXXXXXXXXXXXXXXXXXXXXXXXXXXXXXXXXXXXXXXXXXXXXXXXXXXXXXXXXXXXXXXXXXXXXXXXXXX
XXXXXXXXXXXXXXXXXXXXXXXXXXXXXXXXXXXXXXXXXXXXXXXXXXXXXXXXXXXXXXXXXXXXXXXXXXXXXXXXXXXXXXXXXXXXXXXXXXXX
XXXXXXXXXXXXXXXXXXXXXXXXXXXXXXXXXXXXXXXXXXXXXXXXXXXXXXXXXXXXXXXXXXXXXXXXXXXXXXXXXXXXXXXXXXXXXXXXXXXX
XXXXXXXXXXXXXXXXXXXXXXXXXXXXXXXXXXXXXXXXXXXXXXXXXXXXXXXXXXXXXXXXXXXXXXXXXXXXXXXXXXXXXXXXXXXXXXXXXXXX
XXXXXXXXXXXXXXXXXXXXXXXXXXXXXXXXXXXXXXXXXXXXXXXXXXXXXXXXXXXXXXXXXXXXXXXXXXXXXXXXXXXXXXXXXXXXXXXXXXXX
XXXXXXXXXXXXXXXXXXXXXXXXXXXXXXXXXXXXXXXXXXXXXXXXXXXXXXXXXXXXXXXXXXXXXXXXXXXXXXXXXXXXXXXXXXXXXXXXXXXX
XXXXXXXXXXXXXXXXXXXXXXXXXXXXXXXXXXXXXXXXXXXXXXXXXXXXXXXXXXXXXXXXXXXXXXXXXXXXXXXXXXXXXXXXXXXXXXXXXXXX
XXXXXXXXXXXXXXXXXXXXXXXXXXXXXXXXXXXXXXXXXXXXXXXXXXXXXXXXXXXXXXXXXXXXXXXXXXXXXXXXXXXXXXXXXXXXXXXXXXXX
XXXXXXXXXXXXXXXXXXXXXXXXXXXXXXXXXXXXXXXXXXXXXXXXXXXXXXXXXXXXXXXXXXXXXXXXXXXXXXXXXXXXXXXXXXXXXXXXXXXX
XXXXXXXXXXXXXXXXXXXXXXXXXXXXXXXXXXXXXXXXXXXXXXXXXXXXXXXXXXXXXXXXXXXXXXXXXXXXXXXXXXXXXXXXXXXXXXXXXXXX
XXXXXXXXXXXXXXXXXXXXXXXXXXXXXXXXXXXXXXXXXXXXXXXXXXXXXXXXXXXXXXXXXXXXXXXXXXXXXXXXXXXXXXXXXXXXXXXXXXXX
XXXXXXXXXXXXXXXXXXXXXXXXXXXXXXXXXXXXXXXXXXXXXXXXXXXXXXXXXXXXXXXXXXXXXXXXXXXXXXXXXXXXXXXXXXXXXXXXXXXX
XXXXXXXXXXXXXXXXXXXXXXXXXXXXXXXXXXXXXXXXXXXXXXXXXXXXXXXXXXXXXXXXXXXXXXXXXXXXXXXXXXXXXXXXXXXXXXXXXXXX
XXXXXXXXXXXXXXXXXXXXXXXXXXXXXXXXXXXXXXXXXXXXXXXXXXXXXXXXXXXXXXXXXXXXXXXXXXXXXXXXXXXXXXXXXXXXXXXXXXXX
XXXXXXXXXXXXXXXXXXXXXXXXXXXXXXXXXXXXXXXXXXXXXXXXXXXXXXXXXXXXXXXXXXXXXXXXXXXXXXXXXXXXXXXXXXXXXXXXXXXX
XXXXXXXXXXXXXXXXXXXXXXXXXXXXXXXXXXXXXXXXXXXXXXXXXXXXXXXXXXXXXXXXXXXXXXXXXXXXXXXXXXXXXXXXXXXXXXXXXXXX
XXXXXXXXXXXXXXXXXXXXXXXXXXXXXXXXXXXXXXXXXXXXXXXXXXXXXXXXXXXXXXXXXXXXXXXXXXXXXXXXXXXXXXXXXXXXXXXXXXXX
XXXXXXXXXXXXXXXXXXXXXXXXXXXXXXXXXXXXXXXXXXXXXXXXXXXXXXXXXXXXXXXXXXXXXXXXXXXXXXXXXXXXXXXXXXXXXXXXXXXX
XXXXXXXXXXXXXXXXXXXXXXXXXXXXXXXXXXXXXXXXXXXXXXXXXXXXXXXXXXXXXXXXXXXXXXXXXXXXXXXXXXXXXXXXXXXXXXXXXXXX
XXXXXXXXXXXXXXXXXXXXXXXXXXXXXXXXXXXXXXXXXXXXXXXXXXXXXXXXXXXXXXXXXXXXXXXXXXXXXXXXXXXXXXXXXXXXXXXXXXXX
XXXXXXXXXXXXXXXXXXXXXXXXXXXXXXXXXXXXXXXXXXXXXXXXXXXXXXXXXXXXXXXXXXXXXXXXXXXXXXXXXXXXXXXXXXXXXXXXXXXX
XXXXXXXXXXXXXXXXXXXXXXXXXXXXXXXXXXXXXXXXXXXXXXXXXXXXXXXXXXXXXXXXXXXXXXXXXXXXXXXXXXXXXXXXXXXXXXXXXXXX
XXXXXXXXXXXXXXXXXXXXXXXXXXXXXXXXXXXXXXXXXXXXXXXXXXXXXXXXXXXXXXXXXXXXXXXXXXXXXXXXXXXXXXXXXXXXXXXXXXXX
XXXXXXXXXXXXXXXXXXXXXXXXXXXXXXXXXXXXXXXXXXXXXXXXXXXXXXXXXXXXXXXXXXXXXXXXXXXXXXXXXXXXXXXXXXXXXXXXXXXX
XXXXXXXXXXXXXXXXXXXXXXXXXXXXXXXXXXXXXXXXXXXXXXXXXXXXXXXXXXXXXXXXXXXXXXXXXXXXXXXXXXXXXXXXXXXXXXXXXXXX
XXXXXXXXXXXXXXXXXXXXXXXXXXXXXXXXXXXXXXXXXXXXXXXXXXXXXXXXXXXXXXXXXXXXXXXXXXXXXXXXXXXXXXXXXXXXXXXXXXXX
XXXXXXXXXXXXXXXXXXXXXXXXXXXXXXXXXXXXXXXXXXXXXXXXXXXXXXXXXXXXXXXXXXXXXXXXXXXXXXXXXXXXXXXXXXXXXXXXXXXX
XXXXXXXXXXXXXXXXXXXXXXXXXXXXXXXXXXXXXXXXXXXXXXXXXXXXXXXXXXXXXXXXXXXXXXXXXXXXXXXXXXXXXXXXXXXXXXXXXXXX
XXXXXXXXXXXXXXXXXXXXXXXXXXXXXXXXXXXXXXXXXXXXXXXXXXXXXXXXXXXXXXXXXXXXXXXXXXXXXXXXXXXXXXXXXXXXXXXXXXXX
XXXXXXXXXXXXXXXXXXXXXXXXXXXXXXXXXXXXXXXXXXXXXXXXXXXXXXXXXXXXXXXXXXXXXXXXXXXXXXXXXXXXXXXXXXXXXXXXXXXX
XXXXXXXXXXXXXXXXXXXXXXXXXXXXXXXXXXXXXXXXXXXXXXXXXXXXXXXXXXXXXXXXXXXXXXXXXXXXXXXXXXXXXXXXXXXXXXXXXXXX
XXXXXXXXXXXXXXXXXXXXXXXXXXXXXXXXXXXXXXXXXXXXXXXXXXXXXXXXXXXXXXXXXXXXXXXXXXXXXXXXXXXXXXXXXXXXXXXXXXXX
XXXXXXXXXXXXXXXXXXXXXXXXXXXXXXXXXXXXXXXXXXXXXXXXXXXXXXXXXXXXXXXXXXXXXXXXXXXXXXXXXXXXXXXXXXXXXXXXXXXX
XXXXXXXXXXXXXXXXXXXXXXXXXXXXXXXXXXXXXXXXXXXXXXXXXXXXXXXXXXXXXXXXXXXXXXXXXXXXXXXXXXXXXXXXXXXXXXXXXXXX
XXXXXXXXXXXXXXXXXXXXXXXXXXXXXXXXXXXXXXXXXXXXXXXXXXXXXXXXXXXXXXXXXXXXXXXXXXXXXXXXXXXXXXXXXXXXXXXXXXXX
XXXXXXXXXXXXXXXXXXXXXXXXXXXXXXXXXXXXXXXXXXXXXXXXXXXXXXXXXXXXXXXXXXXXXXXXXXXXXXXXXXXXXXXXXXXXXXXXXXXX
XXXXXXXXXXXXXXXXXXXXXXXXXXXXXXXXXXXXXXXXXXXXXXXXXXXXXXXXXXXXXXXXXXXXXXXXXXXXXXXXXXXXXXXXXXXXXXXXXXXX
XXXXXXXXXXXXXXXXXXXXXXXXXXXXXXXXXXXXXXXXXXXXXXXXXXXXXXXXXXXXXXXXXXXXXXXXXXXXXXXXXXXXXXXXXXXXXXXXXXXX
XXXXXXXXXXXXXXXXXXXXXXXXXXXXXXXXXXXXXXXXXXXXXXXXXXXXXXXXXXXXXXXXXXXXXXXXXXXXXXXXXXXXXXXXXXXXXXXXXXXX
XXXXXXXXXXXXXXXXXXXXXXXXXXXXXXXXXXXXXXXXXXXXXXXXXXXXXXXXXXXXXXXXXXXXXXXXXXXXXXXXXXXXXXXXXXXXXXXXXXXX
XXXXXXXXXXXXXXXXXXXXXXXXXXXXXXXXXXXXXXXXXXXXXXXXXXXXXXXXXXXXXXXXXXXXXXXXXXXXXXXXXXXXXXXXXXXXXXXXXXXX
XXXXXXXXXXXXXXXXXXXXXXXXXXXXXXXXXXXXXXXXXXXXXXXXXXXXXXXXXXXXXXXXXXXXXXXXXXXXXXXXXXXXXXXXXXXXXXXXXXXX
XXXXXXXXXXXXXXXXXXXXXXXXXXXXXXXXXXXXXXXXXXXXXXXXXXXXXXXXXXXXXXXXXXXXXXXXXXXXXXXXXXXXXXXXXXXXXXXXXXXX
XXXXXXXXXXXXXXXXXXXXXXXXXXXXXXXXXXXXXXXXXXXXXXXXXXXXXXXXXXXXXXXXXXXXXXXXXXXXXXXXXXXXXXXXXXXXXXXXXXXX
XXXXXXXXXXXXXXXXXXXXXXXXXXXXXXXXXXXXXXXXXXXXXXXXXXXXXXXXXXXXXXXXXXXXXXXXXXXXXXXXXXXXXXXXXXXXXXXXXXXX
XXXXXXXXXXXXXXXXXXXXXXXXXXXXXXXXXXXXXXXXXXXXXXXXXXXXXXXXXXXXXXXXXXXXXXXXXXXXXXXXXXXXXXXXXXXXXXXXXXXX
XXXXXXXXXXXXXXXXXXXXXXXXXXXXXXXXXXXXXXXXXXXXXXXXXXXXXXXXXXXXXXXXXXXXXXXXXXXXXXXXXXXXXXXXXXXXXXXXXXXX
XXXXXXXXXXXXXXXXXXXXXXXXXXXXXXXXXXXXXXXXXXXXXXXXXXXXXXXXXXXXXXXXXXXXXXXXXXXXXXXXXXXXXXXXXXXXXXXXXXXX
XXXXXXXXXXXXXXXXXXXXXXXXXXXXXXXXXXXXXXXXXXXXXXXXXXXXXXXXXXXXXXXXXXXXXXXXXXXXXXXXXXXXXXXXXXXXXXXXXXXX
XXXXXXXXXXXXXXXXXXXXXXXXXXXXXXXXXXXXXXXXXXXXXXXXXXXXXXXXXXXXXXXXXXXXXXXXXXXXXXXXXXXXXXXXXXXXXXXXXXXX
XXXXXXXXXXXXXXXXXXXXXXXXXXXXXXXXXXXXXXXXXXXXXXXXXXXXXXXXXXXXXXXXXXXXXXXXXXXXXXXXXXXXXXXXXXXXXXXXXXXX
XXXXXXXXXXXXXXXXXXXXXXXXXXXXXXXXXXXXXXXXXXXXXXXXXXXXXXXXXXXXXXXXXXXXXXXXXXXXXXXXXXXXXXXXXXXXXXXXXXXX
XXXXXXXXXXXXXXXXXXXXXXXXXXXXXXXXXXXXXXXXXXXXXXXXXXXXXXXXXXXXXXXXXXXXXXXXXXXXXXXXXXXXXXXXXXXXXXXXXXXX
XXXXXXXXXXXXXXXXXXXXXXXXXXXXXXXXXXXXXXXXXXXXXXXXXXXXXXXXXXXXXXXXXXXXXXXXXXXXXXXXXXXXXXXXXXXXXXXXXXXX
XXXXXXXXXXXXXXXXXXXXXXXXXXXXXXXXXXXXXXXXXXXXXXXXXXXXXXXXXXXXXXXXXXXXXXXXXXXXXXXXXXXXXXXXXXXXXXXXXXXX
XXXXXXXXXXXXXXXXXXXXXXXXXXXXXXXXXXXXXXXXXXXXXXXXXXXXXXXXXXXXXXXXXXXXXXXXXXXXXXXXXXXXXXXXXXXXXXXXXXXX
XXXXXXXXXXXXXXXXXXXXXXXXXXXXXXXXXXXXXXXXXXXXXXXXXXXXXXXXXXXXXXXXXXXXXXXXXXXXXXXXXXXXXXXXXXXXXXXXXXXX
XXXXXXXXXXXXXXXXXXXXXXXXXXXXXXXXXXXXXXXXXXXXXXXXXXXXXXXXXXXXXXXXXXXXXXXXXXXXXXXXXXXXXXXXXXXXXXXXXXXX
XXXXXXXXXXXXXXXXXXXXXXXXXXXXXXXXXXXXXXXXXXXXXXXXXXXXXXXXXXXXXXXXXXXXXXXXXXXXXXXXXXXXXXXXXXXXXXXXXXXX
XXXXXXXXXXXXXXXXXXXXXXXXXXXXXXXXXXXXXXXXXXXXXXXXXXXXXXXXXXXXXXXXXXXXXXXXXXXXXXXXXXXXXXXXXXXXXXXXXXXX
XXXXXXXXXXXXXXXXXXXXXXXXXXXXXXXXXXXXXXXXXXXXXXXXXXXXXXXXXXXXXXXXXXXXXXXXXXXXXXXXXXXXXXXXXXXXXXXXXXXX
XXXXXXXXXXXXXXXXXXXXXXXXXXXXXXXXXXXXXXXXXXXXXXXXXXXXXXXXXXXXXXXXXXXXXXXXXXXXXXXXXXXXXXXXXXXXXXXXXXXX
XXXXXXXXXXXXXXXXXXXXXXXXXXXXXXXXXXXXXXXXXXXXXXXXXXXXXXXXXXXXXXXXXXXXXXXXXXXXXXXXXXXXXXXXXXXXXXXXXXXX
XXXXXXXXXXXXXXXXXXXXXXXXXXXXXXXXXXXXXXXXXXXXXXXXXXXXXXXXXXXXXXXXXXXXXXXXXXXXXXXXXXXXXXXXXXXXXXXXXXXX
XXXXXXXXXXXXXXXXXXXXXXXXXXXXXXXXXXXXXXXXXXXXXXXXXXXXXXXXXXXXXXXXXXXXXXXXXXXXXXXXXXXXXXXXXXXXXXXXXXXX
XXXXXXXXXXXXXXXXXXXXXXXXXXXXXXXXXXXXXXXXXXXXXXXXXXXXXXXXXXXXXXXXXXXXXXXXXXXXXXXXXXXXXXXXXXXXXXXXXXXX
XXXXXXXXXXXXXXXXXXXXXXXXXXXXXXXXXXXXXXXXXXXXXXXXXXXXXXXXXXXXXXXXXXXXXXXXXXXXXXXXXXXXXXXXXXXXXXXXXXXX
XXXXXXXXXXXXXXXXXXXXXXXXXXXXXXXXXXXXXXXXXXXXXXXXXXXXXXXXXXXXXXXXXXXXXXXXXXXXXXXXXXXXXXXXXXXXXXXXXXXX
XXXXXXXXXXXXXXXXXXXXXXXXXXXXXXXXXXXXXXXXXXXXXXXXXXXXXXXXXXXXXXXXXXXXXXXXXXXXXXXXXXXXXXXXXXXXXXXXXXXX
XXXXXXXXXXXXXXXXXXXXXXXXXXXXXXXXXXXXXXXXXXXXXXXXXXXXXXXXXXXXXXXXXXXXXXXXXXXXXXXXXXXXXXXXXXXXXXXXXXXX
XXXXXXXXXXXXXXXXXXXXXXXXXXXXXXXXXXXXXXXXXXXXXXXXXXXXXXXXXXXXXXXXXXXXXXXXXXXXXXXXXXXXXXXXXXXXXXXXXXXX
XXXXXXXXXXXXXXXXXXXXXXXXXXXXXXXXXXXXXXXXXXXXXXXXXXXXXXXXXXXXXXXXXXXXXXXXXXXXXXXXXXXXXXXXXXXXXXXXXXXX
XXXXXXXXXXXXXXXXXXXXXXXXXXXXXXXXXXXXXXXXXXXXXXXXXXXXXXXXXXXXXXXXXXXXXXXXXXXXXXXXXXXXXXXXXXXXXXXXXXXX
XXXXXXXXXXXXXXXXXXXXXXXXXXXXXXXXXXXXXXXXXXXXXXXXXXXXXXXXXXXXXXXXXXXXXXXXXXXXXXXXXXXXXXXXXXXXXXXXXXXX
XXXXXXXXXXXXXXXXXXXXXXXXXXXXXXXXXXXXXXXXXXXXXXXXXXXXXXXXXXXXXXXXXXXXXXXXXXXXXXXXXXXXXXXXXXXXXXXXXXXX
XXXXXXXXXXXXXXXXXXXXXXXXXXXXXXXXXXXXXXXXXXXXXXXXXXXXXXXXXXXXXXXXXXXXXXXXXXXXXXXXXXXXXXXXXXXXXXXXXXXX
XXXXXXXXXXXXXXXXXXXXXXXXXXXXXXXXXXXXXXXXXXXXXXXXXXXXXXXXXXXXXXXXXXXXXXXXXXXXXXXXXXXXXXXXXXXXXXXXXXXX
XXXXXXXXXXXXXXXXXXXXXXXXXXXXXXXXXXXXXXXXXXXXXXXXXXXXXXXXXXXXXXXXXXXXXXXXXXXXXXXXXXXXXXXXXXXXXXXXXXXX
XXXXXXXXXXXXXXXXXXXXXXXXXXXXXXXXXXXXXXXXXXXXXXXXXXXXXXXXXXXXXXXXXXXXXXXXXXXXXXXXXXXXXXXXXXXXXXXXXXXX
XXXXXXXXXXXXXXXXXXXXXXXXXXXXXXXXXXXXXXXXXXXXXXXXXXXXXXXXXXXXXXXXXXXXXXXXXXXXXXXXXXXXXXXXXXXXXXXXXXXX
XXXXXXXXXXXXXXXXXXXXXXXXXXXXXXXXXXXXXXXXXXXXXXXXXXXXXXXXXXXXXXXXXXXXXXXXXXXXXXXXXXXXXXXXXXXXXXXXXXXX
XXXXXXXXXXXXXXXXXXXXXXXXXXXXXXXXXXXXXXXXXXXXXXXXXXXXXXXXXXXXXXXXXXXXXXXXXXXXXXXXXXXXXXXXXXXXXXXXXXXX
XXXXXXXXXXXXXXXXXXXXXXXXXXXXXXXXXXXXXXXXXXXXXXXXXXXXXXXXXXXXXXXXXXXXXXXXXXXXXXXXXXXXXXXXXXXXXXXXXXXX
XXXXXXXXXXXXXXXXXXXXXXXXXXXXXXXXXXXXXXXXXXXXXXXXXXXXXXXXXXXXXXXXXXXXXXXXXXXXXXXXXXXXXXXXXXXXXXXXXXXX
XXXXXXXXXXXXXXXXXXXXXXXXXXXXXXXXXXXXXXXXXXXXXXXXXXXXXXXXXXXXXXXXXXXXXXXXXXXXXXXXXXXXXXXXXXXXXXXXXXXX
XXXXXXXXXXXXXXXXXXXXXXXXXXXXXXXXXXXXXXXXXXXXXXXXXXXXXXXXXXXXXXXXXXXXXXXXXXXXXXXXXXXXXXXXXXXXXXXXXXXX
XXXXXXXXXXXXXXXXXXXXXXXXXXXXXXXXXXXXXXXXXXXXXXXXXXXXXXXXXXXXXXXXXXXXXXXXXXXXXXXXXXXXXXXXXXXXXXXXXXXX
XXXXXXXXXXXXXXXXXXXXXXXXXXXXXXXXXXXXXXXXXXXXXXXXXXXXXXXXXXXXXXXXXXXXXXXXXXXXXXXXXXXXXXXXXXXXXXXXXXXX
XXXXXXXXXXXXXXXXXXXXXXXXXXXXXXXXXXXXXXXXXXXXXXXXXXXXXXXXXXXXXXXXXXXXXXXXXXXXXXXXXXXXXXXXXXXXXXXXXXXX
XXXXXXXXXXXXXXXXXXXXXXXXXXXXXXXXXXXXXXXXXXXXXXXXXXXXXXXXXXXXXXXXXXXXXXXXXXXXXXXXXXXXXXXXXXXXXXXXXXXX
XXXXXXXXXXXXXXXXXXXXXXXXXXXXXXXXXXXXXXXXXXXXXXXXXXXXXXXXXXXXXXXXXXXXXXXXXXXXXXXXXXXXXXXXXXXXXXXXXXXX
XXXXXXXXXXXXXXXXXXXXXXXXXXXXXXXXXXXXXXXXXXXXXXXXXXXXXXXXXXXXXXXXXXXXXXXXXXXXXXXXXXXXXXXXXXXXXXXXXXXX
XXXXXXXXXXXXXXXXXXXXXXXXXXXXXXXXXXXXXXXXXXXXXXXXXXXXXXXXXXXXXXXXXXXXXXXXXXXXXXXXXXXXXXXXXXXXXXXXXXXX
XXXXXXXXXXXXXXXXXXXXXXXXXXXXXXXXXXXXXXXXXXXXXXXXXXXXXXXXXXXXXXXXXXXXXXXXXXXXXXXXXXXXXXXXXXXXXXXXXXXX
XXXXXXXXXXXXXXXXXXXXXXXXXXXXXXXXXXXXXXXXXXXXXXXXXXXXXXXXXXXXXXXXXXXXXXXXXXXXXXXXXXXXXXXXXXXXXXXXXXXX
XXXXXXXXXXXXXXXXXXXXXXXXXXXXXXXXXXXXXXXXXXXXXXXXXXXXXXXXXXXXXXXXXXXXXXXXXXXXXXXXXXXXXXXXXXXXXXXXXXXX
XXXXXXXXXXXXXXXXXXXXXXXXXXXXXXXXXXXXXXXXXXXXXXXXXXXXXXXXXXXXXXXXXXXXXXXXXXXXXXXXXXXXXXXXXXXXXXXXXXXX
XXXXXXXXXXXXXXXXXXXXXXXXXXXXXXXXXXXXXXXXXXXXXXXXXXXXXXXXXXXXXXXXXXXXXXXXXXXXXXXXXXXXXXXXXXXXXXXXXXXX
XXXXXXXXXXXXXXXXXXXXXXXXXXXXXXXXXXXXXXXXXXXXXXXXXXXXXXXXXXXXXXXXXXXXXXXXXXXXXXXXXXXXXXXXXXXXXXXXXXXX
XXXXXXXXXXXXXXXXXXXXXXXXXXXXXXXXXXXXXXXXXXXXXXXXXXXXXXXXXXXXXXXXXXXXXXXXXXXXXXXXXXXXXXXXXXXXXXXXXXXX
XXXXXXXXXXXXXXXXXXXXXXXXXXXXXXXXXXXXXXXXXXXXXXXXXXXXXXXXXXXXXXXXXXXXXXXXXXXXXXXXXXXXXXXXXXXXXXXXXXXX
XXXXXXXXXXXXXXXXXXXXXXXXXXXXXXXXXXXXXXXXXXXXXXXXXXXXXXXXXXXXXXXXXXXXXXXXXXXXXXXXXXXXXXXXXXXXXXXXXXXX
XXXXXXXXXXXXXXXXXXXXXXXXXXXXXXXXXXXXXXXXXXXXXXXXXXXXXXXXXXXXXXXXXXXXXXXXXXXXXXXXXXXXXXXXXXXXXXXXXXXX
XXXXXXXXXXXXXXXXXXXXXXXXXXXXXXXXXXXXXXXXXXXXXXXXXXXXXXXXXXXXXXXXXXXXXXXXXXXXXXXXXXXXXXXXXXXXXXXXXXXX
XXXXXXXXXXXXXXXXXXXXXXXXXXXXXXXXXXXXXXXXXXXXXXXXXXXXXXXXXXXXXXXXXXXXXXXXXXXXXXXXXXXXXXXXXXXXXXXXXXXX
XXXXXXXXXXXXXXXXXXXXXXXXXXXXXXXXXXXXXXXXXXXXXXXXXXXXXXXXXXXXXXXXXXXXXXXXXXXXXXXXXXXXXXXXXXXXXXXXXXXX
XXXXXXXXXXXXXXXXXXXXXXXXXXXXXXXXXXXXXXXXXXXXXXXXXXXXXXXXXXXXXXXXXXXXXXXXXXXXXXXXXXXXXXXXXXXXXXXXXXXX
XXXXXXXXXXXXXXXXXXXXXXXXXXXXXXXXXXXXXXXXXXXXXXXXXXXXXXXXXXXXXXXXXXXXXXXXXXXXXXXXXXXXXXXXXXXXXXXXXXXX
XXXXXXXXXXXXXXXXXXXXXXXXXXXXXXXXXXXXXXXXXXXXXXXXXXXXXXXXXXXXXXXXXXXXXXXXXXXXXXXXXXXXXXXXXXXXXXXXXXXX
XXXXXXXXXXXXXXXXXXXXXXXXXXXXXXXXXXXXXXXXXXXXXXXXXXXXXXXXXXXXXXXXXXXXXXXXXXXXXXXXXXXXXXXXXXXXXXXXXXXX
XXXXXXXXXXXXXXXXXXXXXXXXXXXXXXXXXXXXXXXXXXXXXXXXXXXXXXXXXXXXXXXXXXXXXXXXXXXXXXXXXXXXXXXXXXXXXXXXXXXX
XXXXXXXXXXXXXXXXXXXXXXXXXXXXXXXXXXXXXXXXXXXXXXXXXXXXXXXXXXXXXXXXXXXXXXXXXXXXXXXXXXXXXXXXXXXXXXXXXXXX
XXXXXXXXXXXXXXXXXXXXXXXXXXXXXXXXXXXXXXXXXXXXXXXXXXXXXXXXXXXXXXXXXXXXXXXXXXXXXXXXXXXXXXXXXXXXXXXXXXXX
XXXXXXXXXXXXXXXXXXXXXXXXXXXXXXXXXXXXXXXXXXXXXXXXXXXXXXXXXXXXXXXXXXXXXXXXXXXXXXXXXXXXXXXXXXXXXXXXXXXX
XXXXXXXXXXXXXXXXXXXXXXXXXXXXXXXXXXXXXXXXXXXXXXXXXXXXXXXXXXXXXXXXXXXXXXXXXXXXXXXXXXXXXXXXXXXXXXXXXXXX
XXXXXXXXXXXXXXXXXXXXXXXXXXXXXXXXXXXXXXXXXXXXXXXXXXXXXXXXXXXXXXXXXXXXXXXXXXXXXXXXXXXXXXXXXXXXXXXXXXXX
XXXXXXXXXXXXXXXXXXXXXXXXXXXXXXXXXXXXXXXXXXXXXXXXXXXXXXXXXXXXXXXXXXXXXXXXXXXXXXXXXXXXXXXXXXXXXXXXXXXX
XXXXXXXXXXXXXXXXXXXXXXXXXXXXXXXXXXXXXXXXXXXXXXXXXXXXXXXXXXXXXXXXXXXXXXXXXXXXXXXXXXXXXXXXXXXXXXXXXXXX
XXXXXXXXXXXXXXXXXXXXXXXXXXXXXXXXXXXXXXXXXXXXXXXXXXXXXXXXXXXXXXXXXXXXXXXXXXXXXXXXXXXXXXXXXXXXXXXXXXXX
Log message 0 with enough content to trigger rotation
Log message 1 with enough content to trigger rotation
Log message 2 with enough content to trigger rotation
Log message 3 with enough content to trigger rotation
Log message 4 with enough content to trigger rotation
Log message 5 with enough content to trigger rotation
Log message 6 with enough content to trigger rotation
Log message 7 with enough content to trigger rotation
Log message 8 with enough content to trigger rotation
Log message 9 with enough content to trigger rotation
Log message 10 with enough content to trigger rotation
Log message 11 with enough content to trigger rotation
Log message 12 with enough content to trigger rotation
Log message 13 with enough content to trigger rotation
Log message 14 with enough content to trigger rotation
Log message 15 with enough content to trigger rotation
Log message 16 with enough content to trigger rotation
Log message 17 with enough content to trigger rotation
Log message 18 with enough content to trigger rotation
Log message 19 with enough content to trigger rotation
Log message 20 with enough content to trigger rotation
Log message 21 with enough content to trigger rotation
Log message 22 with enough content to trigger rotation
Log message 23 with enough content to trigger rotation
Log message 24 with enough content to trigger rotation
Log message 25 with enough content to trigger rotation
Log message 26 with enough content to trigger rotation
Log message 27 with enough content to trigger rotation
Log message 28 with enough content to trigger rotation
Log message 29 with enough content to trigger rotation
Log message 30 with enough content to trigger rotation
Log message 31 with enough content to trigger rotation
Log message 32 with enough content to trigger rotation
Log message 33 with enough content to trigger rotation
Log message 34 with enough content to trigger rotation
Log message 35 with enough content to trigger rotation
Log message 36 with enough content to trigger rotation
Log message 37 with enough content to trigger rotation
Log message 38 with enough content to trigger rotation
Log message 39 with enough content to trigger rotation
Log message 40 with enough content to trigger rotation
Log message 41 with enough content to trigger rotation
Log message 42 with enough content to trigger rotation
Log message 43 with enough content to trigger rotation
Log message 44 with enough content to trigger rotation
Log message 45 with enough content to trigger rotation
Log message 46 with enough content to trigger rotation
Log message 47 with enough content to trigger rotation
Log message 48 with enough content to trigger rotation
Log message 49 with enough content to trigger rotation
Using selector: KqueueSelector
Using selector: KqueueSelector
Using selector: KqueueSelector
Using selector: KqueueSelector
Using selector: KqueueSelector
Using selector: KqueueSelector
Using selector: KqueueSelector
Using selector: KqueueSelector
Using selector: KqueueSelector
Using selector: KqueueSelector
Using selector: KqueueSelector
Using selector: KqueueSelector
Using selector: KqueueSelector
Using selector: KqueueSelector
Using selector: KqueueSelector
Using selector: KqueueSelector
Using selector: KqueueSelector
Using selector: KqueueSelector
Using selector: KqueueSelector
Using selector: KqueueSelector
Using selector: KqueueSelector
Using selector: KqueueSelector
Using selector: KqueueSelector
Using selector: KqueueSelector
Using selector: KqueueSelector
Using selector: KqueueSelector
Using selector: KqueueSelector
Using selector: KqueueSelector
Using selector: KqueueSelector
Using selector: KqueueSelector
Using selector: KqueueSelector
Using selector: KqueueSelector
Using selector: KqueueSelector
Using selector: KqueueSelector
Using selector: KqueueSelector
Using selector: KqueueSelector
Using selector: KqueueSelector
Using selector: KqueueSelector
Using selector: KqueueSelector
Using selector: KqueueSelector
Using selector: KqueueSelector
Using selector: KqueueSelector
Using selector: KqueueSelector
Using selector: KqueueSelector
Using selector: KqueueSelector
Using selector: KqueueSelector
Using selector: KqueueSelector
Using selector: KqueueSelector
Using selector: KqueueSelector
HTTP Request: POST http://testserver/webhooks/stripe "HTTP/1.1 500 Internal Server Error"
Using selector: KqueueSelector
HTTP Request: POST http://testserver/webhooks/stripe "HTTP/1.1 500 Internal Server Error"
Using selector: KqueueSelector
HTTP Request: POST http://testserver/webhooks/stripe "HTTP/1.1 500 Internal Server Error"
Using selector: KqueueSelector
HTTP Request: POST http://testserver/webhooks/stripe "HTTP/1.1 500 Internal Server Error"
Using selector: KqueueSelector
HTTP Request: POST http://testserver/webhooks/stripe "HTTP/1.1 500 Internal Server Error"
Using selector: KqueueSelector
HTTP Request: POST http://testserver/webhooks/stripe "HTTP/1.1 500 Internal Server Error"
Using selector: KqueueSelector
HTTP Request: POST http://testserver/webhooks/stripe "HTTP/1.1 500 Internal Server Error"
Using selector: KqueueSelector
HTTP Request: POST http://testserver/webhooks/stripe "HTTP/1.1 500 Internal Server Error"
Using selector: KqueueSelector
HTTP Request: POST http://testserver/webhooks/stripe "HTTP/1.1 500 Internal Server Error"
HTTP Request: POST http://testserver/webhooks/stripe "HTTP/1.1 500 Internal Server Error"
HTTP Request: POST http://testserver/webhooks/stripe "HTTP/1.1 500 Internal Server Error"
Using selector: KqueueSelector
Using selector: KqueueSelector
Using selector: KqueueSelector
Using selector: KqueueSelector
Using selector: KqueueSelector
Using selector: KqueueSelector
Using selector: KqueueSelector
HTTP Request: GET http://testserver/api/reports "HTTP/1.1 404 Not Found"
Using selector: KqueueSelector
HTTP Request: GET http://testserver/api/reports "HTTP/1.1 404 Not Found"
Using selector: KqueueSelector
HTTP Request: GET http://testserver/api/reports "HTTP/1.1 404 Not Found"
Using selector: KqueueSelector
HTTP Request: GET http://testserver/api/reports "HTTP/1.1 404 Not Found"
Using selector: KqueueSelector
Using selector: KqueueSelector
HTTP Request: GET http://testserver/api/reports?limit=10 "HTTP/1.1 404 Not Found"
Using selector: KqueueSelector
Using selector: KqueueSelector
HTTP Request: GET http://testserver/api/reports?limit=10 "HTTP/1.1 404 Not Found"
Using selector: KqueueSelector
Using selector: KqueueSelector
HTTP Request: GET http://testserver/api/reports "HTTP/1.1 404 Not Found"
Using selector: KqueueSelector
Using selector: KqueueSelector
HTTP Request: GET http://testserver/api/reports/8974116a-ef8d-48a6-a84a-436844eaa411 "HTTP/1.1 404 Not Found"
Using selector: KqueueSelector
Using selector: KqueueSelector
HTTP Request: GET http://testserver/api/reports/5eb88bcc-677c-4884-9415-2dee419f7234 "HTTP/1.1 404 Not Found"
Using selector: KqueueSelector
Using selector: KqueueSelector
HTTP Request: GET http://testserver/api/reports "HTTP/1.1 404 Not Found"
Using selector: KqueueSelector
Using selector: KqueueSelector
HTTP Request: GET http://testserver/api/reports/51a282e3-128f-45df-8777-828184898074 "HTTP/1.1 404 Not Found"
Using selector: KqueueSelector
Using selector: KqueueSelector
HTTP Request: GET http://testserver/api/reports "HTTP/1.1 404 Not Found"
Using selector: KqueueSelector
Using selector: KqueueSelector
HTTP Request: GET http://testserver/api/reports/f9d0cd43-bb18-4b5b-ab97-b397bd9c120b "HTTP/1.1 404 Not Found"
Using selector: KqueueSelector
HTTP Request: GET http://testserver/api/reports/f9d0cd43-bb18-4b5b-ab97-b397bd9c120b "HTTP/1.1 404 Not Found"
Using selector: KqueueSelector
HTTP Request: GET http://testserver/api/reports/f9d0cd43-bb18-4b5b-ab97-b397bd9c120b "HTTP/1.1 404 Not Found"
Using selector: KqueueSelector
Using selector: KqueueSelector
HTTP Request: GET http://testserver/api/reports/559d3d80-d084-4d6d-ba01-ea9486245139 "HTTP/1.1 404 Not Found"
Using selector: KqueueSelector
Using selector: KqueueSelector
HTTP Request: GET http://testserver/api/reports "HTTP/1.1 404 Not Found"
Using selector: KqueueSelector
Using selector: KqueueSelector
HTTP Request: GET http://testserver/api/reports?limit=10 "HTTP/1.1 404 Not Found"
Using selector: KqueueSelector
Using selector: KqueueSelector
HTTP Request: GET http://testserver/api/reports "HTTP/1.1 404 Not Found"
Using selector: KqueueSelector
Using selector: KqueueSelector
HTTP Request: GET http://testserver/api/reports?limit=10 "HTTP/1.1 404 Not Found"
Using selector: KqueueSelector
Using selector: KqueueSelector
HTTP Request: POST http://testserver/api/cron/expire-reports "HTTP/1.1 404 Not Found"
Using selector: KqueueSelector
Using selector: KqueueSelector
HTTP Request: POST http://testserver/api/cron/expire-reports "HTTP/1.1 404 Not Found"
Using selector: KqueueSelector
Using selector: KqueueSelector
HTTP Request: POST http://testserver/api/cron/expire-reports "HTTP/1.1 404 Not Found"
Using selector: KqueueSelector
Using selector: KqueueSelector
HTTP Request: POST http://testserver/api/cron/expire-reports "HTTP/1.1 404 Not Found"
Using selector: KqueueSelector
Using selector: KqueueSelector
HTTP Request: GET http://testserver/api/reports/4d300cc8-e152-4517-96ce-ea2123828f39 "HTTP/1.1 404 Not Found"
Using selector: KqueueSelector
Using selector: KqueueSelector
HTTP Request: GET http://testserver/api/reports "HTTP/1.1 404 Not Found"
Using selector: KqueueSelector
Using selector: KqueueSelector
HTTP Request: GET http://testserver/api/reports/1af5737a-28d4-49ac-97b6-7432255b5645 "HTTP/1.1 404 Not Found"
Using selector: KqueueSelector
Using selector: KqueueSelector
HTTP Request: POST http://testserver/api/cron/delete-expired-reports "HTTP/1.1 404 Not Found"
Using selector: KqueueSelector
Using selector: KqueueSelector
HTTP Request: POST http://testserver/api/cron/delete-expired-reports "HTTP/1.1 404 Not Found"
Using selector: KqueueSelector
Using selector: KqueueSelector
HTTP Request: POST http://testserver/api/cron/delete-expired-reports "HTTP/1.1 404 Not Found"
Using selector: KqueueSelector
Using selector: KqueueSelector
HTTP Request: GET http://testserver/api/reports/d831278d-5392-4b4b-938d-225a3fa50272 "HTTP/1.1 404 Not Found"
Using selector: KqueueSelector
Using selector: KqueueSelector
HTTP Request: POST http://testserver/api/cron/expire-reports "HTTP/1.1 404 Not Found"
Using selector: KqueueSelector
Using selector: KqueueSelector
HTTP Request: POST http://testserver/api/cron/expire-reports "HTTP/1.1 404 Not Found"
Using selector: KqueueSelector
Using selector: KqueueSelector
HTTP Request: POST http://testserver/api/cron/delete-expired-reports "HTTP/1.1 404 Not Found"
Using selector: KqueueSelector
Using selector: KqueueSelector
HTTP Request: POST http://testserver/api/cron/delete-expired-reports "HTTP/1.1 404 Not Found"
Using selector: KqueueSelector
Using selector: KqueueSelector
HTTP Request: GET http://testserver/api/reports "HTTP/1.1 404 Not Found"
Using selector: KqueueSelector
Using selector: KqueueSelector
HTTP Request: GET http://testserver/api/reports "HTTP/1.1 404 Not Found"
Using selector: KqueueSelector
Using selector: KqueueSelector
HTTP Request: POST http://testserver/api/cron/expire-reports "HTTP/1.1 404 Not Found"
Using selector: KqueueSelector
Using selector: KqueueSelector
HTTP Request: POST http://testserver/api/cron/expire-reports "HTTP/1.1 404 Not Found"
Using selector: KqueueSelector
Using selector: KqueueSelector
HTTP Request: POST http://testserver/api/cron/expire-reports "HTTP/1.1 404 Not Found"
Using selector: KqueueSelector
Using selector: KqueueSelector
HTTP Request: POST http://testserver/api/cron/delete-expired-reports "HTTP/1.1 404 Not Found"
Using selector: KqueueSelector
Using selector: KqueueSelector
HTTP Request: POST http://testserver/api/cron/delete-expired-reports "HTTP/1.1 404 Not Found"
Using selector: KqueueSelector
Using selector: KqueueSelector
HTTP Request: POST http://testserver/api/cron/delete-expired-reports "HTTP/1.1 404 Not Found"
Using selector: KqueueSelector
Using selector: KqueueSelector
HTTP Request: GET http://testserver/api/reports/b636e686-722d-405b-90f3-6640f2becf96 "HTTP/1.1 404 Not Found"
Using selector: KqueueSelector
Using selector: KqueueSelector
Using selector: KqueueSelector
Using selector: KqueueSelector
Using selector: KqueueSelector
Using selector: KqueueSelector
Using selector: KqueueSelector
Using selector: KqueueSelector
Using selector: KqueueSelector
HTTP Request: GET http://testserver/health "HTTP/1.1 200 OK"
Using selector: KqueueSelector
HTTP Request: GET http://testserver/ "HTTP/1.1 200 OK"
Using selector: KqueueSelector
HTTP Request: POST http://testserver/reports/initiate "HTTP/1.1 401 Unauthorized"
Using selector: KqueueSelector
HTTP Request: POST http://testserver/reports/initiate "HTTP/1.1 401 Unauthorized"
Using selector: KqueueSelector
HTTP Request: POST http://testserver/reports/initiate "HTTP/1.1 401 Unauthorized"
Using selector: KqueueSelector
HTTP Request: GET http://testserver/reports/report_test_12345 "HTTP/1.1 401 Unauthorized"
Using selector: KqueueSelector
HTTP Request: GET http://testserver/reports/report_test_12345 "HTTP/1.1 401 Unauthorized"
Using selector: KqueueSelector
HTTP Request: GET http://testserver/reports/report_test_12345 "HTTP/1.1 401 Unauthorized"
Using selector: KqueueSelector
HTTP Request: GET http://testserver/reports "HTTP/1.1 307 Temporary Redirect"
HTTP Request: GET http://testserver/reports/ "HTTP/1.1 401 Unauthorized"
Using selector: KqueueSelector
HTTP Request: GET http://testserver/reports "HTTP/1.1 307 Temporary Redirect"
HTTP Request: GET http://testserver/reports/ "HTTP/1.1 401 Unauthorized"
Using selector: KqueueSelector
HTTP Request: DELETE http://testserver/reports/report_test_12345 "HTTP/1.1 401 Unauthorized"
Using selector: KqueueSelector
HTTP Request: DELETE http://testserver/reports/report_test_12345 "HTTP/1.1 401 Unauthorized"
Using selector: KqueueSelector
HTTP Request: DELETE http://testserver/reports/report_test_12345 "HTTP/1.1 401 Unauthorized"
Using selector: KqueueSelector
HTTP Request: POST http://testserver/webhooks/stripe "HTTP/1.1 403 Forbidden"
Using selector: KqueueSelector
HTTP Request: POST http://testserver/webhooks/stripe "HTTP/1.1 403 Forbidden"
Using selector: KqueueSelector
HTTP Request: POST http://testserver/webhooks/stripe "HTTP/1.1 403 Forbidden"
Using selector: KqueueSelector
HTTP Request: POST http://testserver/webhooks/stripe "HTTP/1.1 403 Forbidden"
Using selector: KqueueSelector
HTTP Request: POST http://testserver/webhooks/stripe "HTTP/1.1 403 Forbidden"
Using selector: KqueueSelector
HTTP Request: POST http://testserver/webhooks/stripe "HTTP/1.1 403 Forbidden"
Using selector: KqueueSelector
Using selector: KqueueSelector
Test log message 0 with some padding to increase size
Test log message 1 with some padding to increase size
Test log message 2 with some padding to increase size
Test log message 3 with some padding to increase size
Test log message 4 with some padding to increase size
Test log message 5 with some padding to increase size
Test log message 6 with some padding to increase size
Test log message 7 with some padding to increase size
Test log message 8 with some padding to increase size
Test log message 9 with some padding to increase size
Test log message 10 with some padding to increase size
Test log message 11 with some padding to increase size
Test log message 12 with some padding to increase size
Test log message 13 with some padding to increase size
Test log message 14 with some padding to increase size
Test log message 15 with some padding to increase size
Test log message 16 with some padding to increase size
Test log message 17 with some padding to increase size
Test log message 18 with some padding to increase size
Test log message 19 with some padding to increase size
Message 0 Message 0 Message 0 Message 0 Message 0 Message 0 Message 0 Message 0 Message 0 Message 0 
Message 1 Message 1 Message 1 Message 1 Message 1 Message 1 Message 1 Message 1 Message 1 Message 1 
Message 2 Message 2 Message 2 Message 2 Message 2 Message 2 Message 2 Message 2 Message 2 Message 2 
Message 3 Message 3 Message 3 Message 3 Message 3 Message 3 Message 3 Message 3 Message 3 Message 3 
Message 4 Message 4 Message 4 Message 4 Message 4 Message 4 Message 4 Message 4 Message 4 Message 4 
Message 5 Message 5 Message 5 Message 5 Message 5 Message 5 Message 5 Message 5 Message 5 Message 5 
Message 6 Message 6 Message 6 Message 6 Message 6 Message 6 Message 6 Message 6 Message 6 Message 6 
Message 7 Message 7 Message 7 Message 7 Message 7 Message 7 Message 7 Message 7 Message 7 Message 7 
Message 8 Message 8 Message 8 Message 8 Message 8 Message 8 Message 8 Message 8 Message 8 Message 8 
Message 9 Message 9 Message 9 Message 9 Message 9 Message 9 Message 9 Message 9 Message 9 Message 9 
Message 10 Message 10 Message 10 Message 10 Message 10 Message 10 Message 10 Message 10 Message 10 Message 10 
Message 11 Message 11 Message 11 Message 11 Message 11 Message 11 Message 11 Message 11 Message 11 Message 11 
Message 12 Message 12 Message 12 Message 12 Message 12 Message 12 Message 12 Message 12 Message 12 Message 12 
Message 13 Message 13 Message 13 Message 13 Message 13 Message 13 Message 13 Message 13 Message 13 Message 13 
Message 14 Message 14 Message 14 Message 14 Message 14 Message 14 Message 14 Message 14 Message 14 Message 14 
Message 15 Message 15 Message 15 Message 15 Message 15 Message 15 Message 15 Message 15 Message 15 Message 15 
Message 16 Message 16 Message 16 Message 16 Message 16 Message 16 Message 16 Message 16 Message 16 Message 16 
Message 17 Message 17 Message 17 Message 17 Message 17 Message 17 Message 17 Message 17 Message 17 Message 17 
Message 18 Message 18 Message 18 Message 18 Message 18 Message 18 Message 18 Message 18 Message 18 Message 18 
Message 19 Message 19 Message 19 Message 19 Message 19 Message 19 Message 19 Message 19 Message 19 Message 19 
Message 20 Message 20 Message 20 Message 20 Message 20 Message 20 Message 20 Message 20 Message 20 Message 20 
Message 21 Message 21 Message 21 Message 21 Message 21 Message 21 Message 21 Message 21 Message 21 Message 21 
Message 22 Message 22 Message 22 Message 22 Message 22 Message 22 Message 22 Message 22 Message 22 Message 22 
Message 23 Message 23 Message 23 Message 23 Message 23 Message 23 Message 23 Message 23 Message 23 Message 23 
Message 24 Message 24 Message 24 Message 24 Message 24 Message 24 Message 24 Message 24 Message 24 Message 24 
Message 25 Message 25 Message 25 Message 25 Message 25 Message 25 Message 25 Message 25 Message 25 Message 25 
Message 26 Message 26 Message 26 Message 26 Message 26 Message 26 Message 26 Message 26 Message 26 Message 26 
Message 27 Message 27 Message 27 Message 27 Message 27 Message 27 Message 27 Message 27 Message 27 Message 27 
Message 28 Message 28 Message 28 Message 28 Message 28 Message 28 Message 28 Message 28 Message 28 Message 28 
Message 29 Message 29 Message 29 Message 29 Message 29 Message 29 Message 29 Message 29 Message 29 Message 29 
Message 30 Message 30 Message 30 Message 30 Message 30 Message 30 Message 30 Message 30 Message 30 Message 30 
Message 31 Message 31 Message 31 Message 31 Message 31 Message 31 Message 31 Message 31 Message 31 Message 31 
Message 32 Message 32 Message 32 Message 32 Message 32 Message 32 Message 32 Message 32 Message 32 Message 32 
Message 33 Message 33 Message 33 Message 33 Message 33 Message 33 Message 33 Message 33 Message 33 Message 33 
Message 34 Message 34 Message 34 Message 34 Message 34 Message 34 Message 34 Message 34 Message 34 Message 34 
Message 35 Message 35 Message 35 Message 35 Message 35 Message 35 Message 35 Message 35 Message 35 Message 35 
Message 36 Message 36 Message 36 Message 36 Message 36 Message 36 Message 36 Message 36 Message 36 Message 36 
Message 37 Message 37 Message 37 Message 37 Message 37 Message 37 Message 37 Message 37 Message 37 Message 37 
Message 38 Message 38 Message 38 Message 38 Message 38 Message 38 Message 38 Message 38 Message 38 Message 38 
Message 39 Message 39 Message 39 Message 39 Message 39 Message 39 Message 39 Message 39 Message 39 Message 39 
Message 40 Message 40 Message 40 Message 40 Message 40 Message 40 Message 40 Message 40 Message 40 Message 40 
Message 41 Message 41 Message 41 Message 41 Message 41 Message 41 Message 41 Message 41 Message 41 Message 41 
Message 42 Message 42 Message 42 Message 42 Message 42 Message 42 Message 42 Message 42 Message 42 Message 42 
Message 43 Message 43 Message 43 Message 43 Message 43 Message 43 Message 43 Message 43 Message 43 Message 43 
Message 44 Message 44 Message 44 Message 44 Message 44 Message 44 Message 44 Message 44 Message 44 Message 44 
Message 45 Message 45 Message 45 Message 45 Message 45 Message 45 Message 45 Message 45 Message 45 Message 45 
Message 46 Message 46 Message 46 Message 46 Message 46 Message 46 Message 46 Message 46 Message 46 Message 46 
Message 47 Message 47 Message 47 Message 47 Message 47 Message 47 Message 47 Message 47 Message 47 Message 47 
Message 48 Message 48 Message 48 Message 48 Message 48 Message 48 Message 48 Message 48 Message 48 Message 48 
Message 49 Message 49 Message 49 Message 49 Message 49 Message 49 Message 49 Message 49 Message 49 Message 49 
Message 50 Message 50 Message 50 Message 50 Message 50 Message 50 Message 50 Message 50 Message 50 Message 50 
Message 51 Message 51 Message 51 Message 51 Message 51 Message 51 Message 51 Message 51 Message 51 Message 51 
Message 52 Message 52 Message 52 Message 52 Message 52 Message 52 Message 52 Message 52 Message 52 Message 52 
Message 53 Message 53 Message 53 Message 53 Message 53 Message 53 Message 53 Message 53 Message 53 Message 53 
Message 54 Message 54 Message 54 Message 54 Message 54 Message 54 Message 54 Message 54 Message 54 Message 54 
Message 55 Message 55 Message 55 Message 55 Message 55 Message 55 Message 55 Message 55 Message 55 Message 55 
Message 56 Message 56 Message 56 Message 56 Message 56 Message 56 Message 56 Message 56 Message 56 Message 56 
Message 57 Message 57 Message 57 Message 57 Message 57 Message 57 Message 57 Message 57 Message 57 Message 57 
Message 58 Message 58 Message 58 Message 58 Message 58 Message 58 Message 58 Message 58 Message 58 Message 58 
Message 59 Message 59 Message 59 Message 59 Message 59 Message 59 Message 59 Message 59 Message 59 Message 59 
Message 60 Message 60 Message 60 Message 60 Message 60 Message 60 Message 60 Message 60 Message 60 Message 60 
Message 61 Message 61 Message 61 Message 61 Message 61 Message 61 Message 61 Message 61 Message 61 Message 61 
Message 62 Message 62 Message 62 Message 62 Message 62 Message 62 Message 62 Message 62 Message 62 Message 62 
Message 63 Message 63 Message 63 Message 63 Message 63 Message 63 Message 63 Message 63 Message 63 Message 63 
Message 64 Message 64 Message 64 Message 64 Message 64 Message 64 Message 64 Message 64 Message 64 Message 64 
Message 65 Message 65 Message 65 Message 65 Message 65 Message 65 Message 65 Message 65 Message 65 Message 65 
Message 66 Message 66 Message 66 Message 66 Message 66 Message 66 Message 66 Message 66 Message 66 Message 66 
Message 67 Message 67 Message 67 Message 67 Message 67 Message 67 Message 67 Message 67 Message 67 Message 67 
Message 68 Message 68 Message 68 Message 68 Message 68 Message 68 Message 68 Message 68 Message 68 Message 68 
Message 69 Message 69 Message 69 Message 69 Message 69 Message 69 Message 69 Message 69 Message 69 Message 69 
Message 70 Message 70 Message 70 Message 70 Message 70 Message 70 Message 70 Message 70 Message 70 Message 70 
Message 71 Message 71 Message 71 Message 71 Message 71 Message 71 Message 71 Message 71 Message 71 Message 71 
Message 72 Message 72 Message 72 Message 72 Message 72 Message 72 Message 72 Message 72 Message 72 Message 72 
Message 73 Message 73 Message 73 Message 73 Message 73 Message 73 Message 73 Message 73 Message 73 Message 73 
Message 74 Message 74 Message 74 Message 74 Message 74 Message 74 Message 74 Message 74 Message 74 Message 74 
Message 75 Message 75 Message 75 Message 75 Message 75 Message 75 Message 75 Message 75 Message 75 Message 75 
Message 76 Message 76 Message 76 Message 76 Message 76 Message 76 Message 76 Message 76 Message 76 Message 76 
Message 77 Message 77 Message 77 Message 77 Message 77 Message 77 Message 77 Message 77 Message 77 Message 77 
Message 78 Message 78 Message 78 Message 78 Message 78 Message 78 Message 78 Message 78 Message 78 Message 78 
Message 79 Message 79 Message 79 Message 79 Message 79 Message 79 Message 79 Message 79 Message 79 Message 79 
Message 80 Message 80 Message 80 Message 80 Message 80 Message 80 Message 80 Message 80 Message 80 Message 80 
Message 81 Message 81 Message 81 Message 81 Message 81 Message 81 Message 81 Message 81 Message 81 Message 81 
Message 82 Message 82 Message 82 Message 82 Message 82 Message 82 Message 82 Message 82 Message 82 Message 82 
Message 83 Message 83 Message 83 Message 83 Message 83 Message 83 Message 83 Message 83 Message 83 Message 83 
Message 84 Message 84 Message 84 Message 84 Message 84 Message 84 Message 84 Message 84 Message 84 Message 84 
Message 85 Message 85 Message 85 Message 85 Message 85 Message 85 Message 85 Message 85 Message 85 Message 85 
Message 86 Message 86 Message 86 Message 86 Message 86 Message 86 Message 86 Message 86 Message 86 Message 86 
Message 87 Message 87 Message 87 Message 87 Message 87 Message 87 Message 87 Message 87 Message 87 Message 87 
Message 88 Message 88 Message 88 Message 88 Message 88 Message 88 Message 88 Message 88 Message 88 Message 88 
Message 89 Message 89 Message 89 Message 89 Message 89 Message 89 Message 89 Message 89 Message 89 Message 89 
Message 90 Message 90 Message 90 Message 90 Message 90 Message 90 Message 90 Message 90 Message 90 Message 90 
Message 91 Message 91 Message 91 Message 91 Message 91 Message 91 Message 91 Message 91 Message 91 Message 91 
Message 92 Message 92 Message 92 Message 92 Message 92 Message 92 Message 92 Message 92 Message 92 Message 92 
Message 93 Message 93 Message 93 Message 93 Message 93 Message 93 Message 93 Message 93 Message 93 Message 93 
Message 94 Message 94 Message 94 Message 94 Message 94 Message 94 Message 94 Message 94 Message 94 Message 94 
Message 95 Message 95 Message 95 Message 95 Message 95 Message 95 Message 95 Message 95 Message 95 Message 95 
Message 96 Message 96 Message 96 Message 96 Message 96 Message 96 Message 96 Message 96 Message 96 Message 96 
Message 97 Message 97 Message 97 Message 97 Message 97 Message 97 Message 97 Message 97 Message 97 Message 97 
Message 98 Message 98 Message 98 Message 98 Message 98 Message 98 Message 98 Message 98 Message 98 Message 98 
Message 99 Message 99 Message 99 Message 99 Message 99 Message 99 Message 99 Message 99 Message 99 Message 99 
XXXXXXXXXXXXXXXXXXXXXXXXXXXXXXXXXXXXXXXXXXXXXXXXXXXXXXXXXXXXXXXXXXXXXXXXXXXXXXXXXXXXXXXXXXXXXXXXXXXX
XXXXXXXXXXXXXXXXXXXXXXXXXXXXXXXXXXXXXXXXXXXXXXXXXXXXXXXXXXXXXXXXXXXXXXXXXXXXXXXXXXXXXXXXXXXXXXXXXXXX
XXXXXXXXXXXXXXXXXXXXXXXXXXXXXXXXXXXXXXXXXXXXXXXXXXXXXXXXXXXXXXXXXXXXXXXXXXXXXXXXXXXXXXXXXXXXXXXXXXXX
XXXXXXXXXXXXXXXXXXXXXXXXXXXXXXXXXXXXXXXXXXXXXXXXXXXXXXXXXXXXXXXXXXXXXXXXXXXXXXXXXXXXXXXXXXXXXXXXXXXX
XXXXXXXXXXXXXXXXXXXXXXXXXXXXXXXXXXXXXXXXXXXXXXXXXXXXXXXXXXXXXXXXXXXXXXXXXXXXXXXXXXXXXXXXXXXXXXXXXXXX
XXXXXXXXXXXXXXXXXXXXXXXXXXXXXXXXXXXXXXXXXXXXXXXXXXXXXXXXXXXXXXXXXXXXXXXXXXXXXXXXXXXXXXXXXXXXXXXXXXXX
XXXXXXXXXXXXXXXXXXXXXXXXXXXXXXXXXXXXXXXXXXXXXXXXXXXXXXXXXXXXXXXXXXXXXXXXXXXXXXXXXXXXXXXXXXXXXXXXXXXX
XXXXXXXXXXXXXXXXXXXXXXXXXXXXXXXXXXXXXXXXXXXXXXXXXXXXXXXXXXXXXXXXXXXXXXXXXXXXXXXXXXXXXXXXXXXXXXXXXXXX
XXXXXXXXXXXXXXXXXXXXXXXXXXXXXXXXXXXXXXXXXXXXXXXXXXXXXXXXXXXXXXXXXXXXXXXXXXXXXXXXXXXXXXXXXXXXXXXXXXXX
XXXXXXXXXXXXXXXXXXXXXXXXXXXXXXXXXXXXXXXXXXXXXXXXXXXXXXXXXXXXXXXXXXXXXXXXXXXXXXXXXXXXXXXXXXXXXXXXXXXX
XXXXXXXXXXXXXXXXXXXXXXXXXXXXXXXXXXXXXXXXXXXXXXXXXXXXXXXXXXXXXXXXXXXXXXXXXXXXXXXXXXXXXXXXXXXXXXXXXXXX
XXXXXXXXXXXXXXXXXXXXXXXXXXXXXXXXXXXXXXXXXXXXXXXXXXXXXXXXXXXXXXXXXXXXXXXXXXXXXXXXXXXXXXXXXXXXXXXXXXXX
XXXXXXXXXXXXXXXXXXXXXXXXXXXXXXXXXXXXXXXXXXXXXXXXXXXXXXXXXXXXXXXXXXXXXXXXXXXXXXXXXXXXXXXXXXXXXXXXXXXX
XXXXXXXXXXXXXXXXXXXXXXXXXXXXXXXXXXXXXXXXXXXXXXXXXXXXXXXXXXXXXXXXXXXXXXXXXXXXXXXXXXXXXXXXXXXXXXXXXXXX
XXXXXXXXXXXXXXXXXXXXXXXXXXXXXXXXXXXXXXXXXXXXXXXXXXXXXXXXXXXXXXXXXXXXXXXXXXXXXXXXXXXXXXXXXXXXXXXXXXXX
XXXXXXXXXXXXXXXXXXXXXXXXXXXXXXXXXXXXXXXXXXXXXXXXXXXXXXXXXXXXXXXXXXXXXXXXXXXXXXXXXXXXXXXXXXXXXXXXXXXX
XXXXXXXXXXXXXXXXXXXXXXXXXXXXXXXXXXXXXXXXXXXXXXXXXXXXXXXXXXXXXXXXXXXXXXXXXXXXXXXXXXXXXXXXXXXXXXXXXXXX
XXXXXXXXXXXXXXXXXXXXXXXXXXXXXXXXXXXXXXXXXXXXXXXXXXXXXXXXXXXXXXXXXXXXXXXXXXXXXXXXXXXXXXXXXXXXXXXXXXXX
XXXXXXXXXXXXXXXXXXXXXXXXXXXXXXXXXXXXXXXXXXXXXXXXXXXXXXXXXXXXXXXXXXXXXXXXXXXXXXXXXXXXXXXXXXXXXXXXXXXX
XXXXXXXXXXXXXXXXXXXXXXXXXXXXXXXXXXXXXXXXXXXXXXXXXXXXXXXXXXXXXXXXXXXXXXXXXXXXXXXXXXXXXXXXXXXXXXXXXXXX
XXXXXXXXXXXXXXXXXXXXXXXXXXXXXXXXXXXXXXXXXXXXXXXXXXXXXXXXXXXXXXXXXXXXXXXXXXXXXXXXXXXXXXXXXXXXXXXXXXXX
XXXXXXXXXXXXXXXXXXXXXXXXXXXXXXXXXXXXXXXXXXXXXXXXXXXXXXXXXXXXXXXXXXXXXXXXXXXXXXXXXXXXXXXXXXXXXXXXXXXX
XXXXXXXXXXXXXXXXXXXXXXXXXXXXXXXXXXXXXXXXXXXXXXXXXXXXXXXXXXXXXXXXXXXXXXXXXXXXXXXXXXXXXXXXXXXXXXXXXXXX
XXXXXXXXXXXXXXXXXXXXXXXXXXXXXXXXXXXXXXXXXXXXXXXXXXXXXXXXXXXXXXXXXXXXXXXXXXXXXXXXXXXXXXXXXXXXXXXXXXXX
XXXXXXXXXXXXXXXXXXXXXXXXXXXXXXXXXXXXXXXXXXXXXXXXXXXXXXXXXXXXXXXXXXXXXXXXXXXXXXXXXXXXXXXXXXXXXXXXXXXX
XXXXXXXXXXXXXXXXXXXXXXXXXXXXXXXXXXXXXXXXXXXXXXXXXXXXXXXXXXXXXXXXXXXXXXXXXXXXXXXXXXXXXXXXXXXXXXXXXXXX
XXXXXXXXXXXXXXXXXXXXXXXXXXXXXXXXXXXXXXXXXXXXXXXXXXXXXXXXXXXXXXXXXXXXXXXXXXXXXXXXXXXXXXXXXXXXXXXXXXXX
XXXXXXXXXXXXXXXXXXXXXXXXXXXXXXXXXXXXXXXXXXXXXXXXXXXXXXXXXXXXXXXXXXXXXXXXXXXXXXXXXXXXXXXXXXXXXXXXXXXX
XXXXXXXXXXXXXXXXXXXXXXXXXXXXXXXXXXXXXXXXXXXXXXXXXXXXXXXXXXXXXXXXXXXXXXXXXXXXXXXXXXXXXXXXXXXXXXXXXXXX
XXXXXXXXXXXXXXXXXXXXXXXXXXXXXXXXXXXXXXXXXXXXXXXXXXXXXXXXXXXXXXXXXXXXXXXXXXXXXXXXXXXXXXXXXXXXXXXXXXXX
XXXXXXXXXXXXXXXXXXXXXXXXXXXXXXXXXXXXXXXXXXXXXXXXXXXXXXXXXXXXXXXXXXXXXXXXXXXXXXXXXXXXXXXXXXXXXXXXXXXX
XXXXXXXXXXXXXXXXXXXXXXXXXXXXXXXXXXXXXXXXXXXXXXXXXXXXXXXXXXXXXXXXXXXXXXXXXXXXXXXXXXXXXXXXXXXXXXXXXXXX
XXXXXXXXXXXXXXXXXXXXXXXXXXXXXXXXXXXXXXXXXXXXXXXXXXXXXXXXXXXXXXXXXXXXXXXXXXXXXXXXXXXXXXXXXXXXXXXXXXXX
XXXXXXXXXXXXXXXXXXXXXXXXXXXXXXXXXXXXXXXXXXXXXXXXXXXXXXXXXXXXXXXXXXXXXXXXXXXXXXXXXXXXXXXXXXXXXXXXXXXX
XXXXXXXXXXXXXXXXXXXXXXXXXXXXXXXXXXXXXXXXXXXXXXXXXXXXXXXXXXXXXXXXXXXXXXXXXXXXXXXXXXXXXXXXXXXXXXXXXXXX
XXXXXXXXXXXXXXXXXXXXXXXXXXXXXXXXXXXXXXXXXXXXXXXXXXXXXXXXXXXXXXXXXXXXXXXXXXXXXXXXXXXXXXXXXXXXXXXXXXXX
XXXXXXXXXXXXXXXXXXXXXXXXXXXXXXXXXXXXXXXXXXXXXXXXXXXXXXXXXXXXXXXXXXXXXXXXXXXXXXXXXXXXXXXXXXXXXXXXXXXX
XXXXXXXXXXXXXXXXXXXXXXXXXXXXXXXXXXXXXXXXXXXXXXXXXXXXXXXXXXXXXXXXXXXXXXXXXXXXXXXXXXXXXXXXXXXXXXXXXXXX
XXXXXXXXXXXXXXXXXXXXXXXXXXXXXXXXXXXXXXXXXXXXXXXXXXXXXXXXXXXXXXXXXXXXXXXXXXXXXXXXXXXXXXXXXXXXXXXXXXXX
XXXXXXXXXXXXXXXXXXXXXXXXXXXXXXXXXXXXXXXXXXXXXXXXXXXXXXXXXXXXXXXXXXXXXXXXXXXXXXXXXXXXXXXXXXXXXXXXXXXX
XXXXXXXXXXXXXXXXXXXXXXXXXXXXXXXXXXXXXXXXXXXXXXXXXXXXXXXXXXXXXXXXXXXXXXXXXXXXXXXXXXXXXXXXXXXXXXXXXXXX
XXXXXXXXXXXXXXXXXXXXXXXXXXXXXXXXXXXXXXXXXXXXXXXXXXXXXXXXXXXXXXXXXXXXXXXXXXXXXXXXXXXXXXXXXXXXXXXXXXXX
XXXXXXXXXXXXXXXXXXXXXXXXXXXXXXXXXXXXXXXXXXXXXXXXXXXXXXXXXXXXXXXXXXXXXXXXXXXXXXXXXXXXXXXXXXXXXXXXXXXX
XXXXXXXXXXXXXXXXXXXXXXXXXXXXXXXXXXXXXXXXXXXXXXXXXXXXXXXXXXXXXXXXXXXXXXXXXXXXXXXXXXXXXXXXXXXXXXXXXXXX
XXXXXXXXXXXXXXXXXXXXXXXXXXXXXXXXXXXXXXXXXXXXXXXXXXXXXXXXXXXXXXXXXXXXXXXXXXXXXXXXXXXXXXXXXXXXXXXXXXXX
XXXXXXXXXXXXXXXXXXXXXXXXXXXXXXXXXXXXXXXXXXXXXXXXXXXXXXXXXXXXXXXXXXXXXXXXXXXXXXXXXXXXXXXXXXXXXXXXXXXX
XXXXXXXXXXXXXXXXXXXXXXXXXXXXXXXXXXXXXXXXXXXXXXXXXXXXXXXXXXXXXXXXXXXXXXXXXXXXXXXXXXXXXXXXXXXXXXXXXXXX
XXXXXXXXXXXXXXXXXXXXXXXXXXXXXXXXXXXXXXXXXXXXXXXXXXXXXXXXXXXXXXXXXXXXXXXXXXXXXXXXXXXXXXXXXXXXXXXXXXXX
XXXXXXXXXXXXXXXXXXXXXXXXXXXXXXXXXXXXXXXXXXXXXXXXXXXXXXXXXXXXXXXXXXXXXXXXXXXXXXXXXXXXXXXXXXXXXXXXXXXX
XXXXXXXXXXXXXXXXXXXXXXXXXXXXXXXXXXXXXXXXXXXXXXXXXXXXXXXXXXXXXXXXXXXXXXXXXXXXXXXXXXXXXXXXXXXXXXXXXXXX
XXXXXXXXXXXXXXXXXXXXXXXXXXXXXXXXXXXXXXXXXXXXXXXXXXXXXXXXXXXXXXXXXXXXXXXXXXXXXXXXXXXXXXXXXXXXXXXXXXXX
XXXXXXXXXXXXXXXXXXXXXXXXXXXXXXXXXXXXXXXXXXXXXXXXXXXXXXXXXXXXXXXXXXXXXXXXXXXXXXXXXXXXXXXXXXXXXXXXXXXX
XXXXXXXXXXXXXXXXXXXXXXXXXXXXXXXXXXXXXXXXXXXXXXXXXXXXXXXXXXXXXXXXXXXXXXXXXXXXXXXXXXXXXXXXXXXXXXXXXXXX
XXXXXXXXXXXXXXXXXXXXXXXXXXXXXXXXXXXXXXXXXXXXXXXXXXXXXXXXXXXXXXXXXXXXXXXXXXXXXXXXXXXXXXXXXXXXXXXXXXXX
XXXXXXXXXXXXXXXXXXXXXXXXXXXXXXXXXXXXXXXXXXXXXXXXXXXXXXXXXXXXXXXXXXXXXXXXXXXXXXXXXXXXXXXXXXXXXXXXXXXX
XXXXXXXXXXXXXXXXXXXXXXXXXXXXXXXXXXXXXXXXXXXXXXXXXXXXXXXXXXXXXXXXXXXXXXXXXXXXXXXXXXXXXXXXXXXXXXXXXXXX
XXXXXXXXXXXXXXXXXXXXXXXXXXXXXXXXXXXXXXXXXXXXXXXXXXXXXXXXXXXXXXXXXXXXXXXXXXXXXXXXXXXXXXXXXXXXXXXXXXXX
XXXXXXXXXXXXXXXXXXXXXXXXXXXXXXXXXXXXXXXXXXXXXXXXXXXXXXXXXXXXXXXXXXXXXXXXXXXXXXXXXXXXXXXXXXXXXXXXXXXX
XXXXXXXXXXXXXXXXXXXXXXXXXXXXXXXXXXXXXXXXXXXXXXXXXXXXXXXXXXXXXXXXXXXXXXXXXXXXXXXXXXXXXXXXXXXXXXXXXXXX
XXXXXXXXXXXXXXXXXXXXXXXXXXXXXXXXXXXXXXXXXXXXXXXXXXXXXXXXXXXXXXXXXXXXXXXXXXXXXXXXXXXXXXXXXXXXXXXXXXXX
XXXXXXXXXXXXXXXXXXXXXXXXXXXXXXXXXXXXXXXXXXXXXXXXXXXXXXXXXXXXXXXXXXXXXXXXXXXXXXXXXXXXXXXXXXXXXXXXXXXX
XXXXXXXXXXXXXXXXXXXXXXXXXXXXXXXXXXXXXXXXXXXXXXXXXXXXXXXXXXXXXXXXXXXXXXXXXXXXXXXXXXXXXXXXXXXXXXXXXXXX
XXXXXXXXXXXXXXXXXXXXXXXXXXXXXXXXXXXXXXXXXXXXXXXXXXXXXXXXXXXXXXXXXXXXXXXXXXXXXXXXXXXXXXXXXXXXXXXXXXXX
XXXXXXXXXXXXXXXXXXXXXXXXXXXXXXXXXXXXXXXXXXXXXXXXXXXXXXXXXXXXXXXXXXXXXXXXXXXXXXXXXXXXXXXXXXXXXXXXXXXX
XXXXXXXXXXXXXXXXXXXXXXXXXXXXXXXXXXXXXXXXXXXXXXXXXXXXXXXXXXXXXXXXXXXXXXXXXXXXXXXXXXXXXXXXXXXXXXXXXXXX
XXXXXXXXXXXXXXXXXXXXXXXXXXXXXXXXXXXXXXXXXXXXXXXXXXXXXXXXXXXXXXXXXXXXXXXXXXXXXXXXXXXXXXXXXXXXXXXXXXXX
XXXXXXXXXXXXXXXXXXXXXXXXXXXXXXXXXXXXXXXXXXXXXXXXXXXXXXXXXXXXXXXXXXXXXXXXXXXXXXXXXXXXXXXXXXXXXXXXXXXX
XXXXXXXXXXXXXXXXXXXXXXXXXXXXXXXXXXXXXXXXXXXXXXXXXXXXXXXXXXXXXXXXXXXXXXXXXXXXXXXXXXXXXXXXXXXXXXXXXXXX
XXXXXXXXXXXXXXXXXXXXXXXXXXXXXXXXXXXXXXXXXXXXXXXXXXXXXXXXXXXXXXXXXXXXXXXXXXXXXXXXXXXXXXXXXXXXXXXXXXXX
XXXXXXXXXXXXXXXXXXXXXXXXXXXXXXXXXXXXXXXXXXXXXXXXXXXXXXXXXXXXXXXXXXXXXXXXXXXXXXXXXXXXXXXXXXXXXXXXXXXX
XXXXXXXXXXXXXXXXXXXXXXXXXXXXXXXXXXXXXXXXXXXXXXXXXXXXXXXXXXXXXXXXXXXXXXXXXXXXXXXXXXXXXXXXXXXXXXXXXXXX
XXXXXXXXXXXXXXXXXXXXXXXXXXXXXXXXXXXXXXXXXXXXXXXXXXXXXXXXXXXXXXXXXXXXXXXXXXXXXXXXXXXXXXXXXXXXXXXXXXXX
XXXXXXXXXXXXXXXXXXXXXXXXXXXXXXXXXXXXXXXXXXXXXXXXXXXXXXXXXXXXXXXXXXXXXXXXXXXXXXXXXXXXXXXXXXXXXXXXXXXX
XXXXXXXXXXXXXXXXXXXXXXXXXXXXXXXXXXXXXXXXXXXXXXXXXXXXXXXXXXXXXXXXXXXXXXXXXXXXXXXXXXXXXXXXXXXXXXXXXXXX
XXXXXXXXXXXXXXXXXXXXXXXXXXXXXXXXXXXXXXXXXXXXXXXXXXXXXXXXXXXXXXXXXXXXXXXXXXXXXXXXXXXXXXXXXXXXXXXXXXXX
XXXXXXXXXXXXXXXXXXXXXXXXXXXXXXXXXXXXXXXXXXXXXXXXXXXXXXXXXXXXXXXXXXXXXXXXXXXXXXXXXXXXXXXXXXXXXXXXXXXX
XXXXXXXXXXXXXXXXXXXXXXXXXXXXXXXXXXXXXXXXXXXXXXXXXXXXXXXXXXXXXXXXXXXXXXXXXXXXXXXXXXXXXXXXXXXXXXXXXXXX
XXXXXXXXXXXXXXXXXXXXXXXXXXXXXXXXXXXXXXXXXXXXXXXXXXXXXXXXXXXXXXXXXXXXXXXXXXXXXXXXXXXXXXXXXXXXXXXXXXXX
XXXXXXXXXXXXXXXXXXXXXXXXXXXXXXXXXXXXXXXXXXXXXXXXXXXXXXXXXXXXXXXXXXXXXXXXXXXXXXXXXXXXXXXXXXXXXXXXXXXX
XXXXXXXXXXXXXXXXXXXXXXXXXXXXXXXXXXXXXXXXXXXXXXXXXXXXXXXXXXXXXXXXXXXXXXXXXXXXXXXXXXXXXXXXXXXXXXXXXXXX
XXXXXXXXXXXXXXXXXXXXXXXXXXXXXXXXXXXXXXXXXXXXXXXXXXXXXXXXXXXXXXXXXXXXXXXXXXXXXXXXXXXXXXXXXXXXXXXXXXXX
XXXXXXXXXXXXXXXXXXXXXXXXXXXXXXXXXXXXXXXXXXXXXXXXXXXXXXXXXXXXXXXXXXXXXXXXXXXXXXXXXXXXXXXXXXXXXXXXXXXX
XXXXXXXXXXXXXXXXXXXXXXXXXXXXXXXXXXXXXXXXXXXXXXXXXXXXXXXXXXXXXXXXXXXXXXXXXXXXXXXXXXXXXXXXXXXXXXXXXXXX
XXXXXXXXXXXXXXXXXXXXXXXXXXXXXXXXXXXXXXXXXXXXXXXXXXXXXXXXXXXXXXXXXXXXXXXXXXXXXXXXXXXXXXXXXXXXXXXXXXXX
XXXXXXXXXXXXXXXXXXXXXXXXXXXXXXXXXXXXXXXXXXXXXXXXXXXXXXXXXXXXXXXXXXXXXXXXXXXXXXXXXXXXXXXXXXXXXXXXXXXX
XXXXXXXXXXXXXXXXXXXXXXXXXXXXXXXXXXXXXXXXXXXXXXXXXXXXXXXXXXXXXXXXXXXXXXXXXXXXXXXXXXXXXXXXXXXXXXXXXXXX
XXXXXXXXXXXXXXXXXXXXXXXXXXXXXXXXXXXXXXXXXXXXXXXXXXXXXXXXXXXXXXXXXXXXXXXXXXXXXXXXXXXXXXXXXXXXXXXXXXXX
XXXXXXXXXXXXXXXXXXXXXXXXXXXXXXXXXXXXXXXXXXXXXXXXXXXXXXXXXXXXXXXXXXXXXXXXXXXXXXXXXXXXXXXXXXXXXXXXXXXX
XXXXXXXXXXXXXXXXXXXXXXXXXXXXXXXXXXXXXXXXXXXXXXXXXXXXXXXXXXXXXXXXXXXXXXXXXXXXXXXXXXXXXXXXXXXXXXXXXXXX
XXXXXXXXXXXXXXXXXXXXXXXXXXXXXXXXXXXXXXXXXXXXXXXXXXXXXXXXXXXXXXXXXXXXXXXXXXXXXXXXXXXXXXXXXXXXXXXXXXXX
XXXXXXXXXXXXXXXXXXXXXXXXXXXXXXXXXXXXXXXXXXXXXXXXXXXXXXXXXXXXXXXXXXXXXXXXXXXXXXXXXXXXXXXXXXXXXXXXXXXX
XXXXXXXXXXXXXXXXXXXXXXXXXXXXXXXXXXXXXXXXXXXXXXXXXXXXXXXXXXXXXXXXXXXXXXXXXXXXXXXXXXXXXXXXXXXXXXXXXXXX
XXXXXXXXXXXXXXXXXXXXXXXXXXXXXXXXXXXXXXXXXXXXXXXXXXXXXXXXXXXXXXXXXXXXXXXXXXXXXXXXXXXXXXXXXXXXXXXXXXXX
XXXXXXXXXXXXXXXXXXXXXXXXXXXXXXXXXXXXXXXXXXXXXXXXXXXXXXXXXXXXXXXXXXXXXXXXXXXXXXXXXXXXXXXXXXXXXXXXXXXX
XXXXXXXXXXXXXXXXXXXXXXXXXXXXXXXXXXXXXXXXXXXXXXXXXXXXXXXXXXXXXXXXXXXXXXXXXXXXXXXXXXXXXXXXXXXXXXXXXXXX
XXXXXXXXXXXXXXXXXXXXXXXXXXXXXXXXXXXXXXXXXXXXXXXXXXXXXXXXXXXXXXXXXXXXXXXXXXXXXXXXXXXXXXXXXXXXXXXXXXXX
XXXXXXXXXXXXXXXXXXXXXXXXXXXXXXXXXXXXXXXXXXXXXXXXXXXXXXXXXXXXXXXXXXXXXXXXXXXXXXXXXXXXXXXXXXXXXXXXXXXX
XXXXXXXXXXXXXXXXXXXXXXXXXXXXXXXXXXXXXXXXXXXXXXXXXXXXXXXXXXXXXXXXXXXXXXXXXXXXXXXXXXXXXXXXXXXXXXXXXXXX
XXXXXXXXXXXXXXXXXXXXXXXXXXXXXXXXXXXXXXXXXXXXXXXXXXXXXXXXXXXXXXXXXXXXXXXXXXXXXXXXXXXXXXXXXXXXXXXXXXXX
XXXXXXXXXXXXXXXXXXXXXXXXXXXXXXXXXXXXXXXXXXXXXXXXXXXXXXXXXXXXXXXXXXXXXXXXXXXXXXXXXXXXXXXXXXXXXXXXXXXX
XXXXXXXXXXXXXXXXXXXXXXXXXXXXXXXXXXXXXXXXXXXXXXXXXXXXXXXXXXXXXXXXXXXXXXXXXXXXXXXXXXXXXXXXXXXXXXXXXXXX
XXXXXXXXXXXXXXXXXXXXXXXXXXXXXXXXXXXXXXXXXXXXXXXXXXXXXXXXXXXXXXXXXXXXXXXXXXXXXXXXXXXXXXXXXXXXXXXXXXXX
XXXXXXXXXXXXXXXXXXXXXXXXXXXXXXXXXXXXXXXXXXXXXXXXXXXXXXXXXXXXXXXXXXXXXXXXXXXXXXXXXXXXXXXXXXXXXXXXXXXX
XXXXXXXXXXXXXXXXXXXXXXXXXXXXXXXXXXXXXXXXXXXXXXXXXXXXXXXXXXXXXXXXXXXXXXXXXXXXXXXXXXXXXXXXXXXXXXXXXXXX
XXXXXXXXXXXXXXXXXXXXXXXXXXXXXXXXXXXXXXXXXXXXXXXXXXXXXXXXXXXXXXXXXXXXXXXXXXXXXXXXXXXXXXXXXXXXXXXXXXXX
XXXXXXXXXXXXXXXXXXXXXXXXXXXXXXXXXXXXXXXXXXXXXXXXXXXXXXXXXXXXXXXXXXXXXXXXXXXXXXXXXXXXXXXXXXXXXXXXXXXX
XXXXXXXXXXXXXXXXXXXXXXXXXXXXXXXXXXXXXXXXXXXXXXXXXXXXXXXXXXXXXXXXXXXXXXXXXXXXXXXXXXXXXXXXXXXXXXXXXXXX
XXXXXXXXXXXXXXXXXXXXXXXXXXXXXXXXXXXXXXXXXXXXXXXXXXXXXXXXXXXXXXXXXXXXXXXXXXXXXXXXXXXXXXXXXXXXXXXXXXXX
XXXXXXXXXXXXXXXXXXXXXXXXXXXXXXXXXXXXXXXXXXXXXXXXXXXXXXXXXXXXXXXXXXXXXXXXXXXXXXXXXXXXXXXXXXXXXXXXXXXX
XXXXXXXXXXXXXXXXXXXXXXXXXXXXXXXXXXXXXXXXXXXXXXXXXXXXXXXXXXXXXXXXXXXXXXXXXXXXXXXXXXXXXXXXXXXXXXXXXXXX
XXXXXXXXXXXXXXXXXXXXXXXXXXXXXXXXXXXXXXXXXXXXXXXXXXXXXXXXXXXXXXXXXXXXXXXXXXXXXXXXXXXXXXXXXXXXXXXXXXXX
XXXXXXXXXXXXXXXXXXXXXXXXXXXXXXXXXXXXXXXXXXXXXXXXXXXXXXXXXXXXXXXXXXXXXXXXXXXXXXXXXXXXXXXXXXXXXXXXXXXX
XXXXXXXXXXXXXXXXXXXXXXXXXXXXXXXXXXXXXXXXXXXXXXXXXXXXXXXXXXXXXXXXXXXXXXXXXXXXXXXXXXXXXXXXXXXXXXXXXXXX
XXXXXXXXXXXXXXXXXXXXXXXXXXXXXXXXXXXXXXXXXXXXXXXXXXXXXXXXXXXXXXXXXXXXXXXXXXXXXXXXXXXXXXXXXXXXXXXXXXXX
XXXXXXXXXXXXXXXXXXXXXXXXXXXXXXXXXXXXXXXXXXXXXXXXXXXXXXXXXXXXXXXXXXXXXXXXXXXXXXXXXXXXXXXXXXXXXXXXXXXX
XXXXXXXXXXXXXXXXXXXXXXXXXXXXXXXXXXXXXXXXXXXXXXXXXXXXXXXXXXXXXXXXXXXXXXXXXXXXXXXXXXXXXXXXXXXXXXXXXXXX
XXXXXXXXXXXXXXXXXXXXXXXXXXXXXXXXXXXXXXXXXXXXXXXXXXXXXXXXXXXXXXXXXXXXXXXXXXXXXXXXXXXXXXXXXXXXXXXXXXXX
XXXXXXXXXXXXXXXXXXXXXXXXXXXXXXXXXXXXXXXXXXXXXXXXXXXXXXXXXXXXXXXXXXXXXXXXXXXXXXXXXXXXXXXXXXXXXXXXXXXX
XXXXXXXXXXXXXXXXXXXXXXXXXXXXXXXXXXXXXXXXXXXXXXXXXXXXXXXXXXXXXXXXXXXXXXXXXXXXXXXXXXXXXXXXXXXXXXXXXXXX
XXXXXXXXXXXXXXXXXXXXXXXXXXXXXXXXXXXXXXXXXXXXXXXXXXXXXXXXXXXXXXXXXXXXXXXXXXXXXXXXXXXXXXXXXXXXXXXXXXXX
XXXXXXXXXXXXXXXXXXXXXXXXXXXXXXXXXXXXXXXXXXXXXXXXXXXXXXXXXXXXXXXXXXXXXXXXXXXXXXXXXXXXXXXXXXXXXXXXXXXX
XXXXXXXXXXXXXXXXXXXXXXXXXXXXXXXXXXXXXXXXXXXXXXXXXXXXXXXXXXXXXXXXXXXXXXXXXXXXXXXXXXXXXXXXXXXXXXXXXXXX
XXXXXXXXXXXXXXXXXXXXXXXXXXXXXXXXXXXXXXXXXXXXXXXXXXXXXXXXXXXXXXXXXXXXXXXXXXXXXXXXXXXXXXXXXXXXXXXXXXXX
XXXXXXXXXXXXXXXXXXXXXXXXXXXXXXXXXXXXXXXXXXXXXXXXXXXXXXXXXXXXXXXXXXXXXXXXXXXXXXXXXXXXXXXXXXXXXXXXXXXX
XXXXXXXXXXXXXXXXXXXXXXXXXXXXXXXXXXXXXXXXXXXXXXXXXXXXXXXXXXXXXXXXXXXXXXXXXXXXXXXXXXXXXXXXXXXXXXXXXXXX
XXXXXXXXXXXXXXXXXXXXXXXXXXXXXXXXXXXXXXXXXXXXXXXXXXXXXXXXXXXXXXXXXXXXXXXXXXXXXXXXXXXXXXXXXXXXXXXXXXXX
XXXXXXXXXXXXXXXXXXXXXXXXXXXXXXXXXXXXXXXXXXXXXXXXXXXXXXXXXXXXXXXXXXXXXXXXXXXXXXXXXXXXXXXXXXXXXXXXXXXX
XXXXXXXXXXXXXXXXXXXXXXXXXXXXXXXXXXXXXXXXXXXXXXXXXXXXXXXXXXXXXXXXXXXXXXXXXXXXXXXXXXXXXXXXXXXXXXXXXXXX
XXXXXXXXXXXXXXXXXXXXXXXXXXXXXXXXXXXXXXXXXXXXXXXXXXXXXXXXXXXXXXXXXXXXXXXXXXXXXXXXXXXXXXXXXXXXXXXXXXXX
XXXXXXXXXXXXXXXXXXXXXXXXXXXXXXXXXXXXXXXXXXXXXXXXXXXXXXXXXXXXXXXXXXXXXXXXXXXXXXXXXXXXXXXXXXXXXXXXXXXX
XXXXXXXXXXXXXXXXXXXXXXXXXXXXXXXXXXXXXXXXXXXXXXXXXXXXXXXXXXXXXXXXXXXXXXXXXXXXXXXXXXXXXXXXXXXXXXXXXXXX
XXXXXXXXXXXXXXXXXXXXXXXXXXXXXXXXXXXXXXXXXXXXXXXXXXXXXXXXXXXXXXXXXXXXXXXXXXXXXXXXXXXXXXXXXXXXXXXXXXXX
XXXXXXXXXXXXXXXXXXXXXXXXXXXXXXXXXXXXXXXXXXXXXXXXXXXXXXXXXXXXXXXXXXXXXXXXXXXXXXXXXXXXXXXXXXXXXXXXXXXX
XXXXXXXXXXXXXXXXXXXXXXXXXXXXXXXXXXXXXXXXXXXXXXXXXXXXXXXXXXXXXXXXXXXXXXXXXXXXXXXXXXXXXXXXXXXXXXXXXXXX
XXXXXXXXXXXXXXXXXXXXXXXXXXXXXXXXXXXXXXXXXXXXXXXXXXXXXXXXXXXXXXXXXXXXXXXXXXXXXXXXXXXXXXXXXXXXXXXXXXXX
XXXXXXXXXXXXXXXXXXXXXXXXXXXXXXXXXXXXXXXXXXXXXXXXXXXXXXXXXXXXXXXXXXXXXXXXXXXXXXXXXXXXXXXXXXXXXXXXXXXX
XXXXXXXXXXXXXXXXXXXXXXXXXXXXXXXXXXXXXXXXXXXXXXXXXXXXXXXXXXXXXXXXXXXXXXXXXXXXXXXXXXXXXXXXXXXXXXXXXXXX
XXXXXXXXXXXXXXXXXXXXXXXXXXXXXXXXXXXXXXXXXXXXXXXXXXXXXXXXXXXXXXXXXXXXXXXXXXXXXXXXXXXXXXXXXXXXXXXXXXXX
XXXXXXXXXXXXXXXXXXXXXXXXXXXXXXXXXXXXXXXXXXXXXXXXXXXXXXXXXXXXXXXXXXXXXXXXXXXXXXXXXXXXXXXXXXXXXXXXXXXX
XXXXXXXXXXXXXXXXXXXXXXXXXXXXXXXXXXXXXXXXXXXXXXXXXXXXXXXXXXXXXXXXXXXXXXXXXXXXXXXXXXXXXXXXXXXXXXXXXXXX
XXXXXXXXXXXXXXXXXXXXXXXXXXXXXXXXXXXXXXXXXXXXXXXXXXXXXXXXXXXXXXXXXXXXXXXXXXXXXXXXXXXXXXXXXXXXXXXXXXXX
XXXXXXXXXXXXXXXXXXXXXXXXXXXXXXXXXXXXXXXXXXXXXXXXXXXXXXXXXXXXXXXXXXXXXXXXXXXXXXXXXXXXXXXXXXXXXXXXXXXX
XXXXXXXXXXXXXXXXXXXXXXXXXXXXXXXXXXXXXXXXXXXXXXXXXXXXXXXXXXXXXXXXXXXXXXXXXXXXXXXXXXXXXXXXXXXXXXXXXXXX
XXXXXXXXXXXXXXXXXXXXXXXXXXXXXXXXXXXXXXXXXXXXXXXXXXXXXXXXXXXXXXXXXXXXXXXXXXXXXXXXXXXXXXXXXXXXXXXXXXXX
XXXXXXXXXXXXXXXXXXXXXXXXXXXXXXXXXXXXXXXXXXXXXXXXXXXXXXXXXXXXXXXXXXXXXXXXXXXXXXXXXXXXXXXXXXXXXXXXXXXX
XXXXXXXXXXXXXXXXXXXXXXXXXXXXXXXXXXXXXXXXXXXXXXXXXXXXXXXXXXXXXXXXXXXXXXXXXXXXXXXXXXXXXXXXXXXXXXXXXXXX
XXXXXXXXXXXXXXXXXXXXXXXXXXXXXXXXXXXXXXXXXXXXXXXXXXXXXXXXXXXXXXXXXXXXXXXXXXXXXXXXXXXXXXXXXXXXXXXXXXXX
XXXXXXXXXXXXXXXXXXXXXXXXXXXXXXXXXXXXXXXXXXXXXXXXXXXXXXXXXXXXXXXXXXXXXXXXXXXXXXXXXXXXXXXXXXXXXXXXXXXX
XXXXXXXXXXXXXXXXXXXXXXXXXXXXXXXXXXXXXXXXXXXXXXXXXXXXXXXXXXXXXXXXXXXXXXXXXXXXXXXXXXXXXXXXXXXXXXXXXXXX
XXXXXXXXXXXXXXXXXXXXXXXXXXXXXXXXXXXXXXXXXXXXXXXXXXXXXXXXXXXXXXXXXXXXXXXXXXXXXXXXXXXXXXXXXXXXXXXXXXXX
Log message 0 with enough content to trigger rotation
Log message 1 with enough content to trigger rotation
Log message 2 with enough content to trigger rotation
Log message 3 with enough content to trigger rotation
Log message 4 with enough content to trigger rotation
Log message 5 with enough content to trigger rotation
Log message 6 with enough content to trigger rotation
Log message 7 with enough content to trigger rotation
Log message 8 with enough content to trigger rotation
Log message 9 with enough content to trigger rotation
Log message 10 with enough content to trigger rotation
Log message 11 with enough content to trigger rotation
Log message 12 with enough content to trigger rotation
Log message 13 with enough content to trigger rotation
Log message 14 with enough content to trigger rotation
Log message 15 with enough content to trigger rotation
Log message 16 with enough content to trigger rotation
Log message 17 with enough content to trigger rotation
Log message 18 with enough content to trigger rotation
Log message 19 with enough content to trigger rotation
Log message 20 with enough content to trigger rotation
Log message 21 with enough content to trigger rotation
Log message 22 with enough content to trigger rotation
Log message 23 with enough content to trigger rotation
Log message 24 with enough content to trigger rotation
Log message 25 with enough content to trigger rotation
Log message 26 with enough content to trigger rotation
Log message 27 with enough content to trigger rotation
Log message 28 with enough content to trigger rotation
Log message 29 with enough content to trigger rotation
Log message 30 with enough content to trigger rotation
Log message 31 with enough content to trigger rotation
Log message 32 with enough content to trigger rotation
Log message 33 with enough content to trigger rotation
Log message 34 with enough content to trigger rotation
Log message 35 with enough content to trigger rotation
Log message 36 with enough content to trigger rotation
Log message 37 with enough content to trigger rotation
Log message 38 with enough content to trigger rotation
Log message 39 with enough content to trigger rotation
Log message 40 with enough content to trigger rotation
Log message 41 with enough content to trigger rotation
Log message 42 with enough content to trigger rotation
Log message 43 with enough content to trigger rotation
Log message 44 with enough content to trigger rotation
Log message 45 with enough content to trigger rotation
Log message 46 with enough content to trigger rotation
Log message 47 with enough content to trigger rotation
Log message 48 with enough content to trigger rotation
Log message 49 with enough content to trigger rotation
Using selector: KqueueSelector
Using selector: KqueueSelector
Using selector: KqueueSelector
Using selector: KqueueSelector
Using selector: KqueueSelector
Using selector: KqueueSelector
Using selector: KqueueSelector
Using selector: KqueueSelector
Using selector: KqueueSelector
Using selector: KqueueSelector
Using selector: KqueueSelector
Using selector: KqueueSelector
Using selector: KqueueSelector
Using selector: KqueueSelector
Using selector: KqueueSelector
Using selector: KqueueSelector
Using selector: KqueueSelector
Using selector: KqueueSelector
Using selector: KqueueSelector
Using selector: KqueueSelector
Using selector: KqueueSelector
Using selector: KqueueSelector
Using selector: KqueueSelector
Using selector: KqueueSelector
Using selector: KqueueSelector
Using selector: KqueueSelector
Using selector: KqueueSelector
Using selector: KqueueSelector
Using selector: KqueueSelector
Using selector: KqueueSelector
Using selector: KqueueSelector
Using selector: KqueueSelector
Using selector: KqueueSelector
Using selector: KqueueSelector
Using selector: KqueueSelector
Using selector: KqueueSelector
Using selector: KqueueSelector
Using selector: KqueueSelector
Using selector: KqueueSelector
Using selector: KqueueSelector
Using selector: KqueueSelector
Using selector: KqueueSelector
Using selector: KqueueSelector
Using selector: KqueueSelector
Using selector: KqueueSelector
Using selector: KqueueSelector
Using selector: KqueueSelector
Using selector: KqueueSelector
